{"/home/korey/codecamp/quick-credit/server/tests/index.js":{"path":"/home/korey/codecamp/quick-credit/server/tests/index.js","statementMap":{"0":{"start":{"line":3,"column":16},"end":{"line":3,"column":60}},"1":{"start":{"line":5,"column":12},"end":{"line":5,"column":51}},"2":{"start":{"line":7,"column":11},"end":{"line":7,"column":55}},"3":{"start":{"line":9,"column":20},"end":{"line":9,"column":78}},"4":{"start":{"line":11,"column":39},"end":{"line":11,"column":95}},"5":{"start":{"line":13,"column":0},"end":{"line":13,"column":43}},"6":{"start":{"line":15,"column":0},"end":{"line":15,"column":26}},"7":{"start":{"line":17,"column":0},"end":{"line":25,"column":3}},"8":{"start":{"line":18,"column":2},"end":{"line":24,"column":5}},"9":{"start":{"line":19,"column":4},"end":{"line":23,"column":7}},"10":{"start":{"line":20,"column":6},"end":{"line":20,"column":34}},"11":{"start":{"line":21,"column":6},"end":{"line":21,"column":37}},"12":{"start":{"line":22,"column":6},"end":{"line":22,"column":13}},"13":{"start":{"line":26,"column":0},"end":{"line":36,"column":3}},"14":{"start":{"line":27,"column":2},"end":{"line":35,"column":5}},"15":{"start":{"line":28,"column":4},"end":{"line":34,"column":7}},"16":{"start":{"line":29,"column":6},"end":{"line":29,"column":34}},"17":{"start":{"line":30,"column":6},"end":{"line":30,"column":37}},"18":{"start":{"line":31,"column":6},"end":{"line":31,"column":45}},"19":{"start":{"line":32,"column":6},"end":{"line":32,"column":73}},"20":{"start":{"line":33,"column":6},"end":{"line":33,"column":13}}},"fnMap":{"0":{"name":"_interopRequireDefault","decl":{"start":{"line":11,"column":9},"end":{"line":11,"column":31}},"loc":{"start":{"line":11,"column":37},"end":{"line":11,"column":97}},"line":11},"1":{"name":"(anonymous_1)","decl":{"start":{"line":17,"column":22},"end":{"line":17,"column":23}},"loc":{"start":{"line":17,"column":34},"end":{"line":25,"column":1}},"line":17},"2":{"name":"(anonymous_2)","decl":{"start":{"line":18,"column":49},"end":{"line":18,"column":50}},"loc":{"start":{"line":18,"column":65},"end":{"line":24,"column":3}},"line":18},"3":{"name":"(anonymous_3)","decl":{"start":{"line":19,"column":59},"end":{"line":19,"column":60}},"loc":{"start":{"line":19,"column":81},"end":{"line":23,"column":5}},"line":19},"4":{"name":"(anonymous_4)","decl":{"start":{"line":26,"column":27},"end":{"line":26,"column":28}},"loc":{"start":{"line":26,"column":39},"end":{"line":36,"column":1}},"line":26},"5":{"name":"(anonymous_5)","decl":{"start":{"line":27,"column":48},"end":{"line":27,"column":49}},"loc":{"start":{"line":27,"column":64},"end":{"line":35,"column":3}},"line":27},"6":{"name":"(anonymous_6)","decl":{"start":{"line":28,"column":73},"end":{"line":28,"column":74}},"loc":{"start":{"line":28,"column":95},"end":{"line":34,"column":5}},"line":28}},"branchMap":{"0":{"loc":{"start":{"line":11,"column":46},"end":{"line":11,"column":94}},"type":"cond-expr","locations":[{"start":{"line":11,"column":70},"end":{"line":11,"column":73}},{"start":{"line":11,"column":76},"end":{"line":11,"column":94}}],"line":11},"1":{"loc":{"start":{"line":11,"column":46},"end":{"line":11,"column":67}},"type":"binary-expr","locations":[{"start":{"line":11,"column":46},"end":{"line":11,"column":49}},{"start":{"line":11,"column":53},"end":{"line":11,"column":67}}],"line":11}},"s":{"0":1,"1":1,"2":1,"3":1,"4":4,"5":1,"6":1,"7":1,"8":1,"9":1,"10":1,"11":1,"12":1,"13":1,"14":1,"15":1,"16":1,"17":1,"18":1,"19":1,"20":1},"f":{"0":4,"1":1,"2":1,"3":1,"4":1,"5":1,"6":1},"b":{"0":[2,2],"1":[4,4]},"_coverageSchema":"43e27e138ebf9cfc5966b082cf9a028302ed4184","hash":"c3fa784a8c03fe8b58fbeb8342ff0c24dc11ff27","contentHash":"848ca0d40a45bcef829416d7c8c78263aa607218367e0ce8f3abd80966ff9533"},"/home/korey/codecamp/quick-credit/app.js":{"path":"/home/korey/codecamp/quick-credit/app.js","statementMap":{"0":{"start":{"line":3,"column":0},"end":{"line":5,"column":3}},"1":{"start":{"line":6,"column":0},"end":{"line":6,"column":28}},"2":{"start":{"line":8,"column":15},"end":{"line":8,"column":57}},"3":{"start":{"line":10,"column":12},"end":{"line":10,"column":51}},"4":{"start":{"line":12,"column":18},"end":{"line":12,"column":64}},"5":{"start":{"line":14,"column":12},"end":{"line":14,"column":51}},"6":{"start":{"line":16,"column":14},"end":{"line":16,"column":55}},"7":{"start":{"line":18,"column":14},"end":{"line":18,"column":64}},"8":{"start":{"line":20,"column":39},"end":{"line":20,"column":95}},"9":{"start":{"line":33,"column":0},"end":{"line":33,"column":28}},"10":{"start":{"line":36,"column":10},"end":{"line":36,"column":35}},"11":{"start":{"line":37,"column":11},"end":{"line":37,"column":27}},"12":{"start":{"line":39,"column":0},"end":{"line":41,"column":4}},"13":{"start":{"line":43,"column":0},"end":{"line":43,"column":33}},"14":{"start":{"line":45,"column":0},"end":{"line":45,"column":106}},"15":{"start":{"line":46,"column":0},"end":{"line":46,"column":39}},"16":{"start":{"line":47,"column":0},"end":{"line":47,"column":114}},"17":{"start":{"line":48,"column":0},"end":{"line":48,"column":29}},"18":{"start":{"line":50,"column":0},"end":{"line":52,"column":3}},"19":{"start":{"line":51,"column":2},"end":{"line":51,"column":60}},"20":{"start":{"line":53,"column":15},"end":{"line":53,"column":18}},"21":{"start":{"line":54,"column":0},"end":{"line":54,"column":30}}},"fnMap":{"0":{"name":"_interopRequireDefault","decl":{"start":{"line":20,"column":9},"end":{"line":20,"column":31}},"loc":{"start":{"line":20,"column":37},"end":{"line":20,"column":97}},"line":20},"1":{"name":"(anonymous_1)","decl":{"start":{"line":50,"column":17},"end":{"line":50,"column":18}},"loc":{"start":{"line":50,"column":29},"end":{"line":52,"column":1}},"line":50}},"branchMap":{"0":{"loc":{"start":{"line":20,"column":46},"end":{"line":20,"column":94}},"type":"cond-expr","locations":[{"start":{"line":20,"column":70},"end":{"line":20,"column":73}},{"start":{"line":20,"column":76},"end":{"line":20,"column":94}}],"line":20},"1":{"loc":{"start":{"line":20,"column":46},"end":{"line":20,"column":67}},"type":"binary-expr","locations":[{"start":{"line":20,"column":46},"end":{"line":20,"column":49}},{"start":{"line":20,"column":53},"end":{"line":20,"column":67}}],"line":20}},"s":{"0":1,"1":1,"2":1,"3":1,"4":1,"5":1,"6":1,"7":1,"8":6,"9":1,"10":1,"11":1,"12":1,"13":1,"14":1,"15":1,"16":1,"17":1,"18":1,"19":1,"20":1,"21":1},"f":{"0":6,"1":1},"b":{"0":[1,5],"1":[6,6]},"_coverageSchema":"43e27e138ebf9cfc5966b082cf9a028302ed4184","hash":"31a4ed16de770974704418c5445c916583d77ac0","contentHash":"e34fa010140288154f272d288c5b4f011f0c657f5a89fc6a71e49618fdc3e903"},"/home/korey/codecamp/quick-credit/server/routes/index.js":{"path":"/home/korey/codecamp/quick-credit/server/routes/index.js","statementMap":{"0":{"start":{"line":3,"column":0},"end":{"line":5,"column":3}},"1":{"start":{"line":6,"column":0},"end":{"line":6,"column":28}},"2":{"start":{"line":8,"column":23},"end":{"line":8,"column":88}},"3":{"start":{"line":10,"column":23},"end":{"line":10,"column":88}},"4":{"start":{"line":12,"column":28},"end":{"line":12,"column":98}},"5":{"start":{"line":14,"column":20},"end":{"line":14,"column":81}},"6":{"start":{"line":16,"column":12},"end":{"line":16,"column":65}},"7":{"start":{"line":18,"column":21},"end":{"line":18,"column":83}},"8":{"start":{"line":20,"column":22},"end":{"line":20,"column":82}},"9":{"start":{"line":22,"column":20},"end":{"line":22,"column":78}},"10":{"start":{"line":24,"column":39},"end":{"line":24,"column":95}},"11":{"start":{"line":39,"column":13},"end":{"line":55,"column":1}},"12":{"start":{"line":40,"column":12},"end":{"line":40,"column":21}},"13":{"start":{"line":41,"column":2},"end":{"line":41,"column":120}},"14":{"start":{"line":42,"column":2},"end":{"line":42,"column":120}},"15":{"start":{"line":43,"column":2},"end":{"line":43,"column":159}},"16":{"start":{"line":44,"column":2},"end":{"line":44,"column":186}},"17":{"start":{"line":45,"column":2},"end":{"line":45,"column":117}},"18":{"start":{"line":46,"column":2},"end":{"line":46,"column":109}},"19":{"start":{"line":47,"column":2},"end":{"line":47,"column":142}},"20":{"start":{"line":48,"column":2},"end":{"line":48,"column":110}},"21":{"start":{"line":49,"column":2},"end":{"line":49,"column":173}},"22":{"start":{"line":50,"column":2},"end":{"line":50,"column":170}},"23":{"start":{"line":52,"column":2},"end":{"line":54,"column":5}},"24":{"start":{"line":53,"column":4},"end":{"line":53,"column":93}},"25":{"start":{"line":57,"column":15},"end":{"line":57,"column":21}},"26":{"start":{"line":58,"column":0},"end":{"line":58,"column":30}}},"fnMap":{"0":{"name":"_interopRequireDefault","decl":{"start":{"line":24,"column":9},"end":{"line":24,"column":31}},"loc":{"start":{"line":24,"column":37},"end":{"line":24,"column":97}},"line":24},"1":{"name":"routes","decl":{"start":{"line":39,"column":22},"end":{"line":39,"column":28}},"loc":{"start":{"line":39,"column":34},"end":{"line":55,"column":1}},"line":39},"2":{"name":"(anonymous_2)","decl":{"start":{"line":52,"column":15},"end":{"line":52,"column":16}},"loc":{"start":{"line":52,"column":35},"end":{"line":54,"column":3}},"line":52}},"branchMap":{"0":{"loc":{"start":{"line":24,"column":46},"end":{"line":24,"column":94}},"type":"cond-expr","locations":[{"start":{"line":24,"column":70},"end":{"line":24,"column":73}},{"start":{"line":24,"column":76},"end":{"line":24,"column":94}}],"line":24},"1":{"loc":{"start":{"line":24,"column":46},"end":{"line":24,"column":67}},"type":"binary-expr","locations":[{"start":{"line":24,"column":46},"end":{"line":24,"column":49}},{"start":{"line":24,"column":53},"end":{"line":24,"column":67}}],"line":24}},"s":{"0":1,"1":1,"2":1,"3":1,"4":1,"5":1,"6":1,"7":1,"8":1,"9":1,"10":8,"11":1,"12":1,"13":1,"14":1,"15":1,"16":1,"17":1,"18":1,"19":1,"20":1,"21":1,"22":1,"23":1,"24":1,"25":1,"26":1},"f":{"0":8,"1":1,"2":1},"b":{"0":[8,0],"1":[8,8]},"_coverageSchema":"43e27e138ebf9cfc5966b082cf9a028302ed4184","hash":"5c0eaa18b1b05b319a07de59f85ff237a4295f43","contentHash":"471c265dd08604d9eb99613d5b27c5c7850fcb8ece196ebc98a61078d1a75a70"},"/home/korey/codecamp/quick-credit/server/controllers/usersController.js":{"path":"/home/korey/codecamp/quick-credit/server/controllers/usersController.js","statementMap":{"0":{"start":{"line":3,"column":0},"end":{"line":5,"column":3}},"1":{"start":{"line":6,"column":0},"end":{"line":6,"column":28}},"2":{"start":{"line":8,"column":18},"end":{"line":8,"column":72}},"3":{"start":{"line":10,"column":13},"end":{"line":10,"column":64}},"4":{"start":{"line":12,"column":20},"end":{"line":12,"column":78}},"5":{"start":{"line":14,"column":22},"end":{"line":14,"column":82}},"6":{"start":{"line":16,"column":39},"end":{"line":16,"column":95}},"7":{"start":{"line":18,"column":50},"end":{"line":18,"column":151}},"8":{"start":{"line":18,"column":92},"end":{"line":18,"column":149}},"9":{"start":{"line":20,"column":44},"end":{"line":20,"column":315}},"10":{"start":{"line":20,"column":57},"end":{"line":20,"column":58}},"11":{"start":{"line":20,"column":102},"end":{"line":20,"column":110}},"12":{"start":{"line":20,"column":112},"end":{"line":20,"column":167}},"13":{"start":{"line":20,"column":168},"end":{"line":20,"column":199}},"14":{"start":{"line":20,"column":200},"end":{"line":20,"column":254}},"15":{"start":{"line":20,"column":227},"end":{"line":20,"column":254}},"16":{"start":{"line":20,"column":255},"end":{"line":20,"column":313}},"17":{"start":{"line":22,"column":62},"end":{"line":22,"column":131}},"18":{"start":{"line":22,"column":78},"end":{"line":22,"column":131}},"19":{"start":{"line":22,"column":132},"end":{"line":22,"column":193}},"20":{"start":{"line":22,"column":149},"end":{"line":22,"column":193}},"21":{"start":{"line":22,"column":194},"end":{"line":22,"column":213}},"22":{"start":{"line":35,"column":0},"end":{"line":142,"column":3}},"23":{"start":{"line":37,"column":4},"end":{"line":37,"column":43}},"24":{"start":{"line":40,"column":2},"end":{"line":139,"column":6}},"25":{"start":{"line":49,"column":6},"end":{"line":51,"column":7}},"26":{"start":{"line":50,"column":8},"end":{"line":50,"column":96}},"27":{"start":{"line":53,"column":20},"end":{"line":53,"column":59}},"28":{"start":{"line":55,"column":25},"end":{"line":55,"column":56}},"29":{"start":{"line":56,"column":6},"end":{"line":56,"column":47}},"30":{"start":{"line":57,"column":6},"end":{"line":66,"column":9}},"31":{"start":{"line":77,"column":25},"end":{"line":77,"column":64}},"32":{"start":{"line":79,"column":6},"end":{"line":93,"column":7}},"33":{"start":{"line":80,"column":27},"end":{"line":80,"column":63}},"34":{"start":{"line":81,"column":8},"end":{"line":81,"column":49}},"35":{"start":{"line":82,"column":8},"end":{"line":92,"column":11}},"36":{"start":{"line":95,"column":6},"end":{"line":97,"column":7}},"37":{"start":{"line":96,"column":8},"end":{"line":96,"column":97}},"38":{"start":{"line":99,"column":6},"end":{"line":99,"column":96}},"39":{"start":{"line":111,"column":22},"end":{"line":111,"column":38}},"40":{"start":{"line":113,"column":22},"end":{"line":113,"column":66}},"41":{"start":{"line":115,"column":6},"end":{"line":117,"column":7}},"42":{"start":{"line":116,"column":8},"end":{"line":116,"column":91}},"43":{"start":{"line":119,"column":6},"end":{"line":121,"column":7}},"44":{"start":{"line":120,"column":8},"end":{"line":120,"column":100}},"45":{"start":{"line":123,"column":6},"end":{"line":123,"column":69}},"46":{"start":{"line":135,"column":23},"end":{"line":135,"column":56}},"47":{"start":{"line":137,"column":6},"end":{"line":137,"column":70}},"48":{"start":{"line":141,"column":2},"end":{"line":141,"column":25}},"49":{"start":{"line":144,"column":15},"end":{"line":144,"column":30}},"50":{"start":{"line":145,"column":0},"end":{"line":145,"column":30}}},"fnMap":{"0":{"name":"_interopRequireDefault","decl":{"start":{"line":16,"column":9},"end":{"line":16,"column":31}},"loc":{"start":{"line":16,"column":37},"end":{"line":16,"column":97}},"line":16},"1":{"name":"_classCallCheck","decl":{"start":{"line":18,"column":9},"end":{"line":18,"column":24}},"loc":{"start":{"line":18,"column":48},"end":{"line":18,"column":153}},"line":18},"2":{"name":"_defineProperties","decl":{"start":{"line":20,"column":9},"end":{"line":20,"column":26}},"loc":{"start":{"line":20,"column":42},"end":{"line":20,"column":317}},"line":20},"3":{"name":"_createClass","decl":{"start":{"line":22,"column":9},"end":{"line":22,"column":21}},"loc":{"start":{"line":22,"column":60},"end":{"line":22,"column":215}},"line":22},"4":{"name":"(anonymous_4)","decl":{"start":{"line":35,"column":0},"end":{"line":35,"column":1}},"loc":{"start":{"line":35,"column":12},"end":{"line":142,"column":1}},"line":35},"5":{"name":"UsersController","decl":{"start":{"line":36,"column":11},"end":{"line":36,"column":26}},"loc":{"start":{"line":36,"column":29},"end":{"line":38,"column":3}},"line":36},"6":{"name":"signup","decl":{"start":{"line":48,"column":20},"end":{"line":48,"column":26}},"loc":{"start":{"line":48,"column":37},"end":{"line":67,"column":5}},"line":48},"7":{"name":"signin","decl":{"start":{"line":76,"column":20},"end":{"line":76,"column":26}},"loc":{"start":{"line":76,"column":37},"end":{"line":100,"column":5}},"line":76},"8":{"name":"verifyUser","decl":{"start":{"line":110,"column":20},"end":{"line":110,"column":30}},"loc":{"start":{"line":110,"column":41},"end":{"line":124,"column":5}},"line":110},"9":{"name":"getUsers","decl":{"start":{"line":134,"column":20},"end":{"line":134,"column":28}},"loc":{"start":{"line":134,"column":39},"end":{"line":138,"column":5}},"line":134}},"branchMap":{"0":{"loc":{"start":{"line":16,"column":46},"end":{"line":16,"column":94}},"type":"cond-expr","locations":[{"start":{"line":16,"column":70},"end":{"line":16,"column":73}},{"start":{"line":16,"column":76},"end":{"line":16,"column":94}}],"line":16},"1":{"loc":{"start":{"line":16,"column":46},"end":{"line":16,"column":67}},"type":"binary-expr","locations":[{"start":{"line":16,"column":46},"end":{"line":16,"column":49}},{"start":{"line":16,"column":53},"end":{"line":16,"column":67}}],"line":16},"2":{"loc":{"start":{"line":18,"column":50},"end":{"line":18,"column":151}},"type":"if","locations":[{"start":{"line":18,"column":50},"end":{"line":18,"column":151}},{"start":{"line":18,"column":50},"end":{"line":18,"column":151}}],"line":18},"3":{"loc":{"start":{"line":20,"column":136},"end":{"line":20,"column":166}},"type":"binary-expr","locations":[{"start":{"line":20,"column":136},"end":{"line":20,"column":157}},{"start":{"line":20,"column":161},"end":{"line":20,"column":166}}],"line":20},"4":{"loc":{"start":{"line":20,"column":200},"end":{"line":20,"column":254}},"type":"if","locations":[{"start":{"line":20,"column":200},"end":{"line":20,"column":254}},{"start":{"line":20,"column":200},"end":{"line":20,"column":254}}],"line":20},"5":{"loc":{"start":{"line":22,"column":62},"end":{"line":22,"column":131}},"type":"if","locations":[{"start":{"line":22,"column":62},"end":{"line":22,"column":131}},{"start":{"line":22,"column":62},"end":{"line":22,"column":131}}],"line":22},"6":{"loc":{"start":{"line":22,"column":132},"end":{"line":22,"column":193}},"type":"if","locations":[{"start":{"line":22,"column":132},"end":{"line":22,"column":193}},{"start":{"line":22,"column":132},"end":{"line":22,"column":193}}],"line":22},"7":{"loc":{"start":{"line":49,"column":6},"end":{"line":51,"column":7}},"type":"if","locations":[{"start":{"line":49,"column":6},"end":{"line":51,"column":7}},{"start":{"line":49,"column":6},"end":{"line":51,"column":7}}],"line":49},"8":{"loc":{"start":{"line":79,"column":6},"end":{"line":93,"column":7}},"type":"if","locations":[{"start":{"line":79,"column":6},"end":{"line":93,"column":7}},{"start":{"line":79,"column":6},"end":{"line":93,"column":7}}],"line":79},"9":{"loc":{"start":{"line":95,"column":6},"end":{"line":97,"column":7}},"type":"if","locations":[{"start":{"line":95,"column":6},"end":{"line":97,"column":7}},{"start":{"line":95,"column":6},"end":{"line":97,"column":7}}],"line":95},"10":{"loc":{"start":{"line":115,"column":6},"end":{"line":117,"column":7}},"type":"if","locations":[{"start":{"line":115,"column":6},"end":{"line":117,"column":7}},{"start":{"line":115,"column":6},"end":{"line":117,"column":7}}],"line":115},"11":{"loc":{"start":{"line":119,"column":6},"end":{"line":121,"column":7}},"type":"if","locations":[{"start":{"line":119,"column":6},"end":{"line":121,"column":7}},{"start":{"line":119,"column":6},"end":{"line":121,"column":7}}],"line":119}},"s":{"0":1,"1":1,"2":1,"3":1,"4":1,"5":1,"6":4,"7":0,"8":0,"9":1,"10":1,"11":4,"12":4,"13":4,"14":4,"15":4,"16":4,"17":1,"18":0,"19":1,"20":1,"21":1,"22":1,"23":0,"24":1,"25":2,"26":1,"27":1,"28":1,"29":1,"30":1,"31":21,"32":21,"33":19,"34":19,"35":19,"36":2,"37":1,"38":1,"39":3,"40":3,"41":3,"42":1,"43":2,"44":1,"45":1,"46":1,"47":1,"48":1,"49":1,"50":1},"f":{"0":4,"1":0,"2":1,"3":1,"4":1,"5":0,"6":2,"7":21,"8":3,"9":1},"b":{"0":[4,0],"1":[4,4],"2":[0,0],"3":[4,4],"4":[4,0],"5":[0,1],"6":[1,0],"7":[1,1],"8":[19,2],"9":[1,1],"10":[1,2],"11":[1,1]},"_coverageSchema":"43e27e138ebf9cfc5966b082cf9a028302ed4184","hash":"5056b1c72c621ee399e40607eb8b4bc6c9ec2ec3","contentHash":"4fb8485b756e362b5a8d54a9c12d7aa10f35e8581e1f19bc4047bc636f96cb45"},"/home/korey/codecamp/quick-credit/server/model/usersModel.js":{"path":"/home/korey/codecamp/quick-credit/server/model/usersModel.js","statementMap":{"0":{"start":{"line":3,"column":0},"end":{"line":5,"column":3}},"1":{"start":{"line":6,"column":0},"end":{"line":6,"column":28}},"2":{"start":{"line":8,"column":16},"end":{"line":8,"column":70}},"3":{"start":{"line":10,"column":13},"end":{"line":10,"column":62}},"4":{"start":{"line":12,"column":13},"end":{"line":12,"column":64}},"5":{"start":{"line":14,"column":39},"end":{"line":14,"column":95}},"6":{"start":{"line":16,"column":50},"end":{"line":16,"column":151}},"7":{"start":{"line":16,"column":92},"end":{"line":16,"column":149}},"8":{"start":{"line":18,"column":44},"end":{"line":18,"column":315}},"9":{"start":{"line":18,"column":57},"end":{"line":18,"column":58}},"10":{"start":{"line":18,"column":102},"end":{"line":18,"column":110}},"11":{"start":{"line":18,"column":112},"end":{"line":18,"column":167}},"12":{"start":{"line":18,"column":168},"end":{"line":18,"column":199}},"13":{"start":{"line":18,"column":200},"end":{"line":18,"column":254}},"14":{"start":{"line":18,"column":227},"end":{"line":18,"column":254}},"15":{"start":{"line":18,"column":255},"end":{"line":18,"column":313}},"16":{"start":{"line":20,"column":62},"end":{"line":20,"column":131}},"17":{"start":{"line":20,"column":78},"end":{"line":20,"column":131}},"18":{"start":{"line":20,"column":132},"end":{"line":20,"column":193}},"19":{"start":{"line":20,"column":149},"end":{"line":20,"column":193}},"20":{"start":{"line":20,"column":194},"end":{"line":20,"column":213}},"21":{"start":{"line":32,"column":0},"end":{"line":176,"column":3}},"22":{"start":{"line":34,"column":4},"end":{"line":34,"column":38}},"23":{"start":{"line":37,"column":2},"end":{"line":173,"column":6}},"24":{"start":{"line":46,"column":22},"end":{"line":46,"column":30}},"25":{"start":{"line":47,"column":18},"end":{"line":47,"column":33}},"26":{"start":{"line":48,"column":22},"end":{"line":48,"column":41}},"27":{"start":{"line":49,"column":21},"end":{"line":49,"column":39}},"28":{"start":{"line":50,"column":20},"end":{"line":50,"column":37}},"29":{"start":{"line":51,"column":21},"end":{"line":51,"column":38}},"30":{"start":{"line":52,"column":6},"end":{"line":52,"column":61}},"31":{"start":{"line":54,"column":17},"end":{"line":63,"column":7}},"32":{"start":{"line":65,"column":6},"end":{"line":65,"column":35}},"33":{"start":{"line":67,"column":6},"end":{"line":67,"column":18}},"34":{"start":{"line":78,"column":23},"end":{"line":78,"column":31}},"35":{"start":{"line":79,"column":18},"end":{"line":79,"column":34}},"36":{"start":{"line":80,"column":21},"end":{"line":80,"column":40}},"37":{"start":{"line":82,"column":22},"end":{"line":84,"column":8}},"38":{"start":{"line":83,"column":8},"end":{"line":83,"column":36}},"39":{"start":{"line":86,"column":6},"end":{"line":94,"column":7}},"40":{"start":{"line":87,"column":8},"end":{"line":89,"column":9}},"41":{"start":{"line":88,"column":10},"end":{"line":88,"column":27}},"42":{"start":{"line":91,"column":8},"end":{"line":93,"column":10}},"43":{"start":{"line":96,"column":6},"end":{"line":98,"column":8}},"44":{"start":{"line":109,"column":20},"end":{"line":111,"column":8}},"45":{"start":{"line":110,"column":8},"end":{"line":110,"column":36}},"46":{"start":{"line":113,"column":6},"end":{"line":115,"column":7}},"47":{"start":{"line":114,"column":8},"end":{"line":114,"column":20}},"48":{"start":{"line":117,"column":6},"end":{"line":117,"column":19}},"49":{"start":{"line":130,"column":22},"end":{"line":130,"column":86}},"50":{"start":{"line":132,"column":6},"end":{"line":144,"column":7}},"51":{"start":{"line":133,"column":8},"end":{"line":133,"column":25}},"52":{"start":{"line":134,"column":13},"end":{"line":144,"column":7}},"53":{"start":{"line":135,"column":8},"end":{"line":135,"column":34}},"54":{"start":{"line":137,"column":8},"end":{"line":137,"column":43}},"55":{"start":{"line":139,"column":8},"end":{"line":139,"column":69}},"56":{"start":{"line":141,"column":8},"end":{"line":141,"column":38}},"57":{"start":{"line":142,"column":8},"end":{"line":142,"column":33}},"58":{"start":{"line":143,"column":8},"end":{"line":143,"column":30}},"59":{"start":{"line":146,"column":6},"end":{"line":146,"column":18}},"60":{"start":{"line":156,"column":23},"end":{"line":156,"column":25}},"61":{"start":{"line":158,"column":6},"end":{"line":169,"column":9}},"62":{"start":{"line":159,"column":22},"end":{"line":167,"column":9}},"63":{"start":{"line":168,"column":8},"end":{"line":168,"column":33}},"64":{"start":{"line":171,"column":6},"end":{"line":171,"column":24}},"65":{"start":{"line":175,"column":2},"end":{"line":175,"column":20}},"66":{"start":{"line":178,"column":15},"end":{"line":178,"column":25}},"67":{"start":{"line":179,"column":0},"end":{"line":179,"column":30}}},"fnMap":{"0":{"name":"_interopRequireDefault","decl":{"start":{"line":14,"column":9},"end":{"line":14,"column":31}},"loc":{"start":{"line":14,"column":37},"end":{"line":14,"column":97}},"line":14},"1":{"name":"_classCallCheck","decl":{"start":{"line":16,"column":9},"end":{"line":16,"column":24}},"loc":{"start":{"line":16,"column":48},"end":{"line":16,"column":153}},"line":16},"2":{"name":"_defineProperties","decl":{"start":{"line":18,"column":9},"end":{"line":18,"column":26}},"loc":{"start":{"line":18,"column":42},"end":{"line":18,"column":317}},"line":18},"3":{"name":"_createClass","decl":{"start":{"line":20,"column":9},"end":{"line":20,"column":21}},"loc":{"start":{"line":20,"column":60},"end":{"line":20,"column":215}},"line":20},"4":{"name":"(anonymous_4)","decl":{"start":{"line":32,"column":0},"end":{"line":32,"column":1}},"loc":{"start":{"line":32,"column":12},"end":{"line":176,"column":1}},"line":32},"5":{"name":"UsersModel","decl":{"start":{"line":33,"column":11},"end":{"line":33,"column":21}},"loc":{"start":{"line":33,"column":24},"end":{"line":35,"column":3}},"line":33},"6":{"name":"signupQuery","decl":{"start":{"line":45,"column":20},"end":{"line":45,"column":31}},"loc":{"start":{"line":45,"column":37},"end":{"line":68,"column":5}},"line":45},"7":{"name":"signinQuery","decl":{"start":{"line":77,"column":20},"end":{"line":77,"column":31}},"loc":{"start":{"line":77,"column":37},"end":{"line":99,"column":5}},"line":77},"8":{"name":"(anonymous_8)","decl":{"start":{"line":82,"column":45},"end":{"line":82,"column":46}},"loc":{"start":{"line":82,"column":61},"end":{"line":84,"column":7}},"line":82},"9":{"name":"checkRegistered","decl":{"start":{"line":108,"column":20},"end":{"line":108,"column":35}},"loc":{"start":{"line":108,"column":43},"end":{"line":118,"column":5}},"line":108},"10":{"name":"(anonymous_10)","decl":{"start":{"line":109,"column":43},"end":{"line":109,"column":44}},"loc":{"start":{"line":109,"column":59},"end":{"line":111,"column":7}},"line":109},"11":{"name":"verifyUser","decl":{"start":{"line":127,"column":20},"end":{"line":127,"column":30}},"loc":{"start":{"line":127,"column":38},"end":{"line":147,"column":5}},"line":127},"12":{"name":"getUsers","decl":{"start":{"line":155,"column":20},"end":{"line":155,"column":28}},"loc":{"start":{"line":155,"column":31},"end":{"line":172,"column":5}},"line":155},"13":{"name":"(anonymous_13)","decl":{"start":{"line":158,"column":32},"end":{"line":158,"column":33}},"loc":{"start":{"line":158,"column":48},"end":{"line":169,"column":7}},"line":158}},"branchMap":{"0":{"loc":{"start":{"line":14,"column":46},"end":{"line":14,"column":94}},"type":"cond-expr","locations":[{"start":{"line":14,"column":70},"end":{"line":14,"column":73}},{"start":{"line":14,"column":76},"end":{"line":14,"column":94}}],"line":14},"1":{"loc":{"start":{"line":14,"column":46},"end":{"line":14,"column":67}},"type":"binary-expr","locations":[{"start":{"line":14,"column":46},"end":{"line":14,"column":49}},{"start":{"line":14,"column":53},"end":{"line":14,"column":67}}],"line":14},"2":{"loc":{"start":{"line":16,"column":50},"end":{"line":16,"column":151}},"type":"if","locations":[{"start":{"line":16,"column":50},"end":{"line":16,"column":151}},{"start":{"line":16,"column":50},"end":{"line":16,"column":151}}],"line":16},"3":{"loc":{"start":{"line":18,"column":136},"end":{"line":18,"column":166}},"type":"binary-expr","locations":[{"start":{"line":18,"column":136},"end":{"line":18,"column":157}},{"start":{"line":18,"column":161},"end":{"line":18,"column":166}}],"line":18},"4":{"loc":{"start":{"line":18,"column":200},"end":{"line":18,"column":254}},"type":"if","locations":[{"start":{"line":18,"column":200},"end":{"line":18,"column":254}},{"start":{"line":18,"column":200},"end":{"line":18,"column":254}}],"line":18},"5":{"loc":{"start":{"line":20,"column":62},"end":{"line":20,"column":131}},"type":"if","locations":[{"start":{"line":20,"column":62},"end":{"line":20,"column":131}},{"start":{"line":20,"column":62},"end":{"line":20,"column":131}}],"line":20},"6":{"loc":{"start":{"line":20,"column":132},"end":{"line":20,"column":193}},"type":"if","locations":[{"start":{"line":20,"column":132},"end":{"line":20,"column":193}},{"start":{"line":20,"column":132},"end":{"line":20,"column":193}}],"line":20},"7":{"loc":{"start":{"line":86,"column":6},"end":{"line":94,"column":7}},"type":"if","locations":[{"start":{"line":86,"column":6},"end":{"line":94,"column":7}},{"start":{"line":86,"column":6},"end":{"line":94,"column":7}}],"line":86},"8":{"loc":{"start":{"line":87,"column":8},"end":{"line":89,"column":9}},"type":"if","locations":[{"start":{"line":87,"column":8},"end":{"line":89,"column":9}},{"start":{"line":87,"column":8},"end":{"line":89,"column":9}}],"line":87},"9":{"loc":{"start":{"line":113,"column":6},"end":{"line":115,"column":7}},"type":"if","locations":[{"start":{"line":113,"column":6},"end":{"line":115,"column":7}},{"start":{"line":113,"column":6},"end":{"line":115,"column":7}}],"line":113},"10":{"loc":{"start":{"line":132,"column":6},"end":{"line":144,"column":7}},"type":"if","locations":[{"start":{"line":132,"column":6},"end":{"line":144,"column":7}},{"start":{"line":132,"column":6},"end":{"line":144,"column":7}}],"line":132},"11":{"loc":{"start":{"line":134,"column":13},"end":{"line":144,"column":7}},"type":"if","locations":[{"start":{"line":134,"column":13},"end":{"line":144,"column":7}},{"start":{"line":134,"column":13},"end":{"line":144,"column":7}}],"line":134}},"s":{"0":1,"1":1,"2":1,"3":1,"4":1,"5":3,"6":0,"7":0,"8":1,"9":1,"10":5,"11":5,"12":5,"13":5,"14":5,"15":5,"16":1,"17":0,"18":1,"19":1,"20":1,"21":1,"22":0,"23":1,"24":1,"25":1,"26":1,"27":1,"28":1,"29":1,"30":1,"31":1,"32":1,"33":1,"34":21,"35":21,"36":21,"37":21,"38":75,"39":21,"40":20,"41":19,"42":1,"43":1,"44":2,"45":11,"46":2,"47":1,"48":1,"49":3,"50":3,"51":1,"52":2,"53":1,"54":1,"55":1,"56":1,"57":1,"58":1,"59":3,"60":1,"61":1,"62":11,"63":11,"64":1,"65":1,"66":1,"67":1},"f":{"0":3,"1":0,"2":1,"3":1,"4":1,"5":0,"6":1,"7":21,"8":75,"9":2,"10":11,"11":3,"12":1,"13":11},"b":{"0":[3,0],"1":[3,3],"2":[0,0],"3":[5,5],"4":[5,0],"5":[0,1],"6":[1,0],"7":[20,1],"8":[19,1],"9":[1,1],"10":[1,2],"11":[1,1]},"_coverageSchema":"43e27e138ebf9cfc5966b082cf9a028302ed4184","hash":"7e81c4dee7d8c2877588f56a1f84255705a17ad3","contentHash":"13bd44983f0d5799dfbd5045805ecdf6c97200f3b66f73e5c91f25ab24fe645c"},"/home/korey/codecamp/quick-credit/server/helpers/password.js":{"path":"/home/korey/codecamp/quick-credit/server/helpers/password.js","statementMap":{"0":{"start":{"line":3,"column":0},"end":{"line":5,"column":3}},"1":{"start":{"line":6,"column":0},"end":{"line":6,"column":28}},"2":{"start":{"line":8,"column":14},"end":{"line":8,"column":55}},"3":{"start":{"line":10,"column":39},"end":{"line":10,"column":95}},"4":{"start":{"line":16,"column":19},"end":{"line":18,"column":1}},"5":{"start":{"line":17,"column":2},"end":{"line":17,"column":51}},"6":{"start":{"line":20,"column":23},"end":{"line":22,"column":1}},"7":{"start":{"line":21,"column":2},"end":{"line":21,"column":62}},"8":{"start":{"line":24,"column":15},"end":{"line":27,"column":1}},"9":{"start":{"line":28,"column":0},"end":{"line":28,"column":30}}},"fnMap":{"0":{"name":"_interopRequireDefault","decl":{"start":{"line":10,"column":9},"end":{"line":10,"column":31}},"loc":{"start":{"line":10,"column":37},"end":{"line":10,"column":97}},"line":10},"1":{"name":"passwordHash","decl":{"start":{"line":16,"column":28},"end":{"line":16,"column":40}},"loc":{"start":{"line":16,"column":51},"end":{"line":18,"column":1}},"line":16},"2":{"name":"comparePasswords","decl":{"start":{"line":20,"column":32},"end":{"line":20,"column":48}},"loc":{"start":{"line":20,"column":71},"end":{"line":22,"column":1}},"line":20}},"branchMap":{"0":{"loc":{"start":{"line":10,"column":46},"end":{"line":10,"column":94}},"type":"cond-expr","locations":[{"start":{"line":10,"column":70},"end":{"line":10,"column":73}},{"start":{"line":10,"column":76},"end":{"line":10,"column":94}}],"line":10},"1":{"loc":{"start":{"line":10,"column":46},"end":{"line":10,"column":67}},"type":"binary-expr","locations":[{"start":{"line":10,"column":46},"end":{"line":10,"column":49}},{"start":{"line":10,"column":53},"end":{"line":10,"column":67}}],"line":10}},"s":{"0":1,"1":1,"2":1,"3":1,"4":1,"5":1,"6":1,"7":20,"8":1,"9":1},"f":{"0":1,"1":1,"2":20},"b":{"0":[0,1],"1":[1,1]},"_coverageSchema":"43e27e138ebf9cfc5966b082cf9a028302ed4184","hash":"450bad21372a1c560cdce706c9c483ec68027bbe","contentHash":"3f7e4a29feb2dde86393bdea445b7ba54304798ef253c98db2be60fbe65412a6"},"/home/korey/codecamp/quick-credit/server/dummy/users.js":{"path":"/home/korey/codecamp/quick-credit/server/dummy/users.js","statementMap":{"0":{"start":{"line":3,"column":0},"end":{"line":5,"column":3}},"1":{"start":{"line":6,"column":0},"end":{"line":6,"column":28}},"2":{"start":{"line":12,"column":12},"end":{"line":102,"column":2}},"3":{"start":{"line":103,"column":15},"end":{"line":103,"column":20}},"4":{"start":{"line":104,"column":0},"end":{"line":104,"column":30}}},"fnMap":{},"branchMap":{},"s":{"0":1,"1":1,"2":1,"3":1,"4":1},"f":{},"b":{},"_coverageSchema":"43e27e138ebf9cfc5966b082cf9a028302ed4184","hash":"afea342daf0645c2949892428b9e6048b0812fa7","contentHash":"9064be700a84214fc8e1f059118d32c33874e223359114f626ceabce0f3e9960"},"/home/korey/codecamp/quick-credit/server/helpers/utils.js":{"path":"/home/korey/codecamp/quick-credit/server/helpers/utils.js","statementMap":{"0":{"start":{"line":3,"column":0},"end":{"line":5,"column":3}},"1":{"start":{"line":6,"column":0},"end":{"line":6,"column":28}},"2":{"start":{"line":8,"column":50},"end":{"line":8,"column":151}},"3":{"start":{"line":8,"column":92},"end":{"line":8,"column":149}},"4":{"start":{"line":10,"column":44},"end":{"line":10,"column":315}},"5":{"start":{"line":10,"column":57},"end":{"line":10,"column":58}},"6":{"start":{"line":10,"column":102},"end":{"line":10,"column":110}},"7":{"start":{"line":10,"column":112},"end":{"line":10,"column":167}},"8":{"start":{"line":10,"column":168},"end":{"line":10,"column":199}},"9":{"start":{"line":10,"column":200},"end":{"line":10,"column":254}},"10":{"start":{"line":10,"column":227},"end":{"line":10,"column":254}},"11":{"start":{"line":10,"column":255},"end":{"line":10,"column":313}},"12":{"start":{"line":12,"column":62},"end":{"line":12,"column":131}},"13":{"start":{"line":12,"column":78},"end":{"line":12,"column":131}},"14":{"start":{"line":12,"column":132},"end":{"line":12,"column":193}},"15":{"start":{"line":12,"column":149},"end":{"line":12,"column":193}},"16":{"start":{"line":12,"column":194},"end":{"line":12,"column":213}},"17":{"start":{"line":21,"column":0},"end":{"line":184,"column":3}},"18":{"start":{"line":23,"column":4},"end":{"line":23,"column":33}},"19":{"start":{"line":26,"column":2},"end":{"line":181,"column":6}},"20":{"start":{"line":34,"column":14},"end":{"line":34,"column":24}},"21":{"start":{"line":35,"column":6},"end":{"line":35,"column":83}},"22":{"start":{"line":48,"column":16},"end":{"line":48,"column":18}},"23":{"start":{"line":49,"column":6},"end":{"line":53,"column":9}},"24":{"start":{"line":50,"column":8},"end":{"line":52,"column":9}},"25":{"start":{"line":51,"column":10},"end":{"line":51,"column":25}},"26":{"start":{"line":54,"column":6},"end":{"line":54,"column":17}},"27":{"start":{"line":68,"column":16},"end":{"line":68,"column":18}},"28":{"start":{"line":69,"column":6},"end":{"line":74,"column":9}},"29":{"start":{"line":71,"column":8},"end":{"line":73,"column":9}},"30":{"start":{"line":72,"column":10},"end":{"line":72,"column":25}},"31":{"start":{"line":76,"column":6},"end":{"line":78,"column":7}},"32":{"start":{"line":77,"column":8},"end":{"line":77,"column":19}},"33":{"start":{"line":80,"column":6},"end":{"line":82,"column":8}},"34":{"start":{"line":111,"column":6},"end":{"line":113,"column":9}},"35":{"start":{"line":112,"column":8},"end":{"line":112,"column":36}},"36":{"start":{"line":124,"column":6},"end":{"line":124,"column":25}},"37":{"start":{"line":136,"column":16},"end":{"line":136,"column":17}},"38":{"start":{"line":137,"column":6},"end":{"line":139,"column":9}},"39":{"start":{"line":138,"column":8},"end":{"line":138,"column":44}},"40":{"start":{"line":140,"column":6},"end":{"line":140,"column":17}},"41":{"start":{"line":153,"column":21},"end":{"line":153,"column":26}},"42":{"start":{"line":154,"column":6},"end":{"line":163,"column":9}},"43":{"start":{"line":155,"column":8},"end":{"line":160,"column":9}},"44":{"start":{"line":156,"column":10},"end":{"line":159,"column":12}},"45":{"start":{"line":162,"column":8},"end":{"line":162,"column":24}},"46":{"start":{"line":164,"column":6},"end":{"line":164,"column":22}},"47":{"start":{"line":175,"column":6},"end":{"line":177,"column":7}},"48":{"start":{"line":176,"column":8},"end":{"line":176,"column":20}},"49":{"start":{"line":179,"column":6},"end":{"line":179,"column":19}},"50":{"start":{"line":183,"column":2},"end":{"line":183,"column":15}},"51":{"start":{"line":186,"column":15},"end":{"line":186,"column":20}},"52":{"start":{"line":187,"column":0},"end":{"line":187,"column":30}}},"fnMap":{"0":{"name":"_classCallCheck","decl":{"start":{"line":8,"column":9},"end":{"line":8,"column":24}},"loc":{"start":{"line":8,"column":48},"end":{"line":8,"column":153}},"line":8},"1":{"name":"_defineProperties","decl":{"start":{"line":10,"column":9},"end":{"line":10,"column":26}},"loc":{"start":{"line":10,"column":42},"end":{"line":10,"column":317}},"line":10},"2":{"name":"_createClass","decl":{"start":{"line":12,"column":9},"end":{"line":12,"column":21}},"loc":{"start":{"line":12,"column":60},"end":{"line":12,"column":215}},"line":12},"3":{"name":"(anonymous_3)","decl":{"start":{"line":21,"column":0},"end":{"line":21,"column":1}},"loc":{"start":{"line":21,"column":12},"end":{"line":184,"column":1}},"line":21},"4":{"name":"Utils","decl":{"start":{"line":22,"column":11},"end":{"line":22,"column":16}},"loc":{"start":{"line":22,"column":19},"end":{"line":24,"column":3}},"line":22},"5":{"name":"getNow","decl":{"start":{"line":33,"column":20},"end":{"line":33,"column":26}},"loc":{"start":{"line":33,"column":29},"end":{"line":36,"column":5}},"line":33},"6":{"name":"findInArray","decl":{"start":{"line":47,"column":20},"end":{"line":47,"column":31}},"loc":{"start":{"line":47,"column":51},"end":{"line":55,"column":5}},"line":47},"7":{"name":"(anonymous_7)","decl":{"start":{"line":49,"column":19},"end":{"line":49,"column":20}},"loc":{"start":{"line":49,"column":35},"end":{"line":53,"column":7}},"line":49},"8":{"name":"findDoubleKeysInArray","decl":{"start":{"line":67,"column":20},"end":{"line":67,"column":41}},"loc":{"start":{"line":67,"column":78},"end":{"line":83,"column":5}},"line":67},"9":{"name":"(anonymous_9)","decl":{"start":{"line":69,"column":19},"end":{"line":69,"column":20}},"loc":{"start":{"line":69,"column":35},"end":{"line":74,"column":7}},"line":69},"10":{"name":"findSingleItem","decl":{"start":{"line":110,"column":20},"end":{"line":110,"column":34}},"loc":{"start":{"line":110,"column":54},"end":{"line":114,"column":5}},"line":110},"11":{"name":"(anonymous_11)","decl":{"start":{"line":111,"column":23},"end":{"line":111,"column":24}},"loc":{"start":{"line":111,"column":39},"end":{"line":113,"column":7}},"line":111},"12":{"name":"checkLength","decl":{"start":{"line":123,"column":20},"end":{"line":123,"column":31}},"loc":{"start":{"line":123,"column":38},"end":{"line":125,"column":5}},"line":123},"13":{"name":"sumProperty","decl":{"start":{"line":135,"column":20},"end":{"line":135,"column":31}},"loc":{"start":{"line":135,"column":43},"end":{"line":141,"column":5}},"line":135},"14":{"name":"(anonymous_14)","decl":{"start":{"line":137,"column":19},"end":{"line":137,"column":20}},"loc":{"start":{"line":137,"column":35},"end":{"line":139,"column":7}},"line":137},"15":{"name":"updateItems","decl":{"start":{"line":152,"column":20},"end":{"line":152,"column":31}},"loc":{"start":{"line":152,"column":49},"end":{"line":165,"column":5}},"line":152},"16":{"name":"(anonymous_16)","decl":{"start":{"line":154,"column":14},"end":{"line":154,"column":15}},"loc":{"start":{"line":154,"column":37},"end":{"line":163,"column":7}},"line":154},"17":{"name":"hasQuery","decl":{"start":{"line":174,"column":20},"end":{"line":174,"column":28}},"loc":{"start":{"line":174,"column":34},"end":{"line":180,"column":5}},"line":174}},"branchMap":{"0":{"loc":{"start":{"line":8,"column":50},"end":{"line":8,"column":151}},"type":"if","locations":[{"start":{"line":8,"column":50},"end":{"line":8,"column":151}},{"start":{"line":8,"column":50},"end":{"line":8,"column":151}}],"line":8},"1":{"loc":{"start":{"line":10,"column":136},"end":{"line":10,"column":166}},"type":"binary-expr","locations":[{"start":{"line":10,"column":136},"end":{"line":10,"column":157}},{"start":{"line":10,"column":161},"end":{"line":10,"column":166}}],"line":10},"2":{"loc":{"start":{"line":10,"column":200},"end":{"line":10,"column":254}},"type":"if","locations":[{"start":{"line":10,"column":200},"end":{"line":10,"column":254}},{"start":{"line":10,"column":200},"end":{"line":10,"column":254}}],"line":10},"3":{"loc":{"start":{"line":12,"column":62},"end":{"line":12,"column":131}},"type":"if","locations":[{"start":{"line":12,"column":62},"end":{"line":12,"column":131}},{"start":{"line":12,"column":62},"end":{"line":12,"column":131}}],"line":12},"4":{"loc":{"start":{"line":12,"column":132},"end":{"line":12,"column":193}},"type":"if","locations":[{"start":{"line":12,"column":132},"end":{"line":12,"column":193}},{"start":{"line":12,"column":132},"end":{"line":12,"column":193}}],"line":12},"5":{"loc":{"start":{"line":50,"column":8},"end":{"line":52,"column":9}},"type":"if","locations":[{"start":{"line":50,"column":8},"end":{"line":52,"column":9}},{"start":{"line":50,"column":8},"end":{"line":52,"column":9}}],"line":50},"6":{"loc":{"start":{"line":71,"column":8},"end":{"line":73,"column":9}},"type":"if","locations":[{"start":{"line":71,"column":8},"end":{"line":73,"column":9}},{"start":{"line":71,"column":8},"end":{"line":73,"column":9}}],"line":71},"7":{"loc":{"start":{"line":71,"column":12},"end":{"line":71,"column":60}},"type":"binary-expr","locations":[{"start":{"line":71,"column":12},"end":{"line":71,"column":34}},{"start":{"line":71,"column":38},"end":{"line":71,"column":60}}],"line":71},"8":{"loc":{"start":{"line":76,"column":6},"end":{"line":78,"column":7}},"type":"if","locations":[{"start":{"line":76,"column":6},"end":{"line":78,"column":7}},{"start":{"line":76,"column":6},"end":{"line":78,"column":7}}],"line":76},"9":{"loc":{"start":{"line":155,"column":8},"end":{"line":160,"column":9}},"type":"if","locations":[{"start":{"line":155,"column":8},"end":{"line":160,"column":9}},{"start":{"line":155,"column":8},"end":{"line":160,"column":9}}],"line":155},"10":{"loc":{"start":{"line":175,"column":6},"end":{"line":177,"column":7}},"type":"if","locations":[{"start":{"line":175,"column":6},"end":{"line":177,"column":7}},{"start":{"line":175,"column":6},"end":{"line":177,"column":7}}],"line":175}},"s":{"0":1,"1":1,"2":0,"3":0,"4":1,"5":1,"6":8,"7":8,"8":8,"9":8,"10":8,"11":8,"12":1,"13":0,"14":1,"15":1,"16":1,"17":1,"18":0,"19":1,"20":5,"21":5,"22":6,"23":6,"24":67,"25":17,"26":6,"27":3,"28":3,"29":18,"30":3,"31":3,"32":2,"33":1,"34":12,"35":48,"36":5,"37":2,"38":2,"39":11,"40":2,"41":12,"42":12,"43":87,"44":10,"45":87,"46":12,"47":8,"48":5,"49":3,"50":1,"51":1,"52":1},"f":{"0":0,"1":1,"2":1,"3":1,"4":0,"5":5,"6":6,"7":67,"8":3,"9":18,"10":12,"11":48,"12":5,"13":2,"14":11,"15":12,"16":87,"17":8},"b":{"0":[0,0],"1":[8,8],"2":[8,0],"3":[0,1],"4":[1,0],"5":[17,50],"6":[3,15],"7":[18,5],"8":[2,1],"9":[10,77],"10":[5,3]},"_coverageSchema":"43e27e138ebf9cfc5966b082cf9a028302ed4184","hash":"80dfc76a653d00a56eb20cc6a05a9c1a6cf3f6c2","contentHash":"387498da5fa87967c118996140021a88e1603da1760a61cdb298d91a148f2369"},"/home/korey/codecamp/quick-credit/server/helpers/token.js":{"path":"/home/korey/codecamp/quick-credit/server/helpers/token.js","statementMap":{"0":{"start":{"line":3,"column":0},"end":{"line":5,"column":3}},"1":{"start":{"line":6,"column":0},"end":{"line":6,"column":28}},"2":{"start":{"line":8,"column":20},"end":{"line":8,"column":67}},"3":{"start":{"line":10,"column":14},"end":{"line":10,"column":55}},"4":{"start":{"line":12,"column":39},"end":{"line":12,"column":95}},"5":{"start":{"line":14,"column":0},"end":{"line":14,"column":28}},"6":{"start":{"line":16,"column":16},"end":{"line":16,"column":38}},"7":{"start":{"line":17,"column":21},"end":{"line":17,"column":26}},"8":{"start":{"line":24,"column":20},"end":{"line":30,"column":1}},"9":{"start":{"line":25,"column":2},"end":{"line":29,"column":5}},"10":{"start":{"line":32,"column":15},"end":{"line":32,"column":28}},"11":{"start":{"line":33,"column":0},"end":{"line":33,"column":30}}},"fnMap":{"0":{"name":"_interopRequireDefault","decl":{"start":{"line":12,"column":9},"end":{"line":12,"column":31}},"loc":{"start":{"line":12,"column":37},"end":{"line":12,"column":97}},"line":12},"1":{"name":"generateToken","decl":{"start":{"line":24,"column":29},"end":{"line":24,"column":42}},"loc":{"start":{"line":24,"column":55},"end":{"line":30,"column":1}},"line":24}},"branchMap":{"0":{"loc":{"start":{"line":12,"column":46},"end":{"line":12,"column":94}},"type":"cond-expr","locations":[{"start":{"line":12,"column":70},"end":{"line":12,"column":73}},{"start":{"line":12,"column":76},"end":{"line":12,"column":94}}],"line":12},"1":{"loc":{"start":{"line":12,"column":46},"end":{"line":12,"column":67}},"type":"binary-expr","locations":[{"start":{"line":12,"column":46},"end":{"line":12,"column":49}},{"start":{"line":12,"column":53},"end":{"line":12,"column":67}}],"line":12}},"s":{"0":1,"1":1,"2":1,"3":1,"4":2,"5":1,"6":1,"7":1,"8":1,"9":20,"10":1,"11":1},"f":{"0":2,"1":20},"b":{"0":[0,2],"1":[2,2]},"_coverageSchema":"43e27e138ebf9cfc5966b082cf9a028302ed4184","hash":"01bda25cacd6d8e94301168f4a6319dd37b79cb5","contentHash":"ec1dfb3b09f9d6fd77b6fa241edcfd838b9f3b3f2091cd3238908820342359fe"},"/home/korey/codecamp/quick-credit/server/helpers/errorStrings.js":{"path":"/home/korey/codecamp/quick-credit/server/helpers/errorStrings.js","statementMap":{"0":{"start":{"line":3,"column":0},"end":{"line":5,"column":3}},"1":{"start":{"line":6,"column":0},"end":{"line":6,"column":28}},"2":{"start":{"line":12,"column":19},"end":{"line":41,"column":1}},"3":{"start":{"line":42,"column":15},"end":{"line":42,"column":27}},"4":{"start":{"line":43,"column":0},"end":{"line":43,"column":30}}},"fnMap":{},"branchMap":{},"s":{"0":1,"1":1,"2":1,"3":1,"4":1},"f":{},"b":{},"_coverageSchema":"43e27e138ebf9cfc5966b082cf9a028302ed4184","hash":"8a418799f56b6469e9ba1113edea4067d2d5eedf","contentHash":"75d6889140bedadebbc488a9b3b5299d82b689e0451eb3e45314996a3c73cab3"},"/home/korey/codecamp/quick-credit/server/helpers/responseHelper.js":{"path":"/home/korey/codecamp/quick-credit/server/helpers/responseHelper.js","statementMap":{"0":{"start":{"line":3,"column":0},"end":{"line":5,"column":3}},"1":{"start":{"line":6,"column":0},"end":{"line":6,"column":28}},"2":{"start":{"line":8,"column":50},"end":{"line":8,"column":151}},"3":{"start":{"line":8,"column":92},"end":{"line":8,"column":149}},"4":{"start":{"line":10,"column":44},"end":{"line":10,"column":315}},"5":{"start":{"line":10,"column":57},"end":{"line":10,"column":58}},"6":{"start":{"line":10,"column":102},"end":{"line":10,"column":110}},"7":{"start":{"line":10,"column":112},"end":{"line":10,"column":167}},"8":{"start":{"line":10,"column":168},"end":{"line":10,"column":199}},"9":{"start":{"line":10,"column":200},"end":{"line":10,"column":254}},"10":{"start":{"line":10,"column":227},"end":{"line":10,"column":254}},"11":{"start":{"line":10,"column":255},"end":{"line":10,"column":313}},"12":{"start":{"line":12,"column":62},"end":{"line":12,"column":131}},"13":{"start":{"line":12,"column":78},"end":{"line":12,"column":131}},"14":{"start":{"line":12,"column":132},"end":{"line":12,"column":193}},"15":{"start":{"line":12,"column":149},"end":{"line":12,"column":193}},"16":{"start":{"line":12,"column":194},"end":{"line":12,"column":213}},"17":{"start":{"line":21,"column":0},"end":{"line":61,"column":3}},"18":{"start":{"line":23,"column":4},"end":{"line":23,"column":42}},"19":{"start":{"line":26,"column":2},"end":{"line":58,"column":6}},"20":{"start":{"line":37,"column":6},"end":{"line":40,"column":9}},"21":{"start":{"line":53,"column":6},"end":{"line":56,"column":9}},"22":{"start":{"line":60,"column":2},"end":{"line":60,"column":24}},"23":{"start":{"line":63,"column":15},"end":{"line":63,"column":29}},"24":{"start":{"line":64,"column":0},"end":{"line":64,"column":30}}},"fnMap":{"0":{"name":"_classCallCheck","decl":{"start":{"line":8,"column":9},"end":{"line":8,"column":24}},"loc":{"start":{"line":8,"column":48},"end":{"line":8,"column":153}},"line":8},"1":{"name":"_defineProperties","decl":{"start":{"line":10,"column":9},"end":{"line":10,"column":26}},"loc":{"start":{"line":10,"column":42},"end":{"line":10,"column":317}},"line":10},"2":{"name":"_createClass","decl":{"start":{"line":12,"column":9},"end":{"line":12,"column":21}},"loc":{"start":{"line":12,"column":60},"end":{"line":12,"column":215}},"line":12},"3":{"name":"(anonymous_3)","decl":{"start":{"line":21,"column":0},"end":{"line":21,"column":1}},"loc":{"start":{"line":21,"column":12},"end":{"line":61,"column":1}},"line":21},"4":{"name":"ResponseHelper","decl":{"start":{"line":22,"column":11},"end":{"line":22,"column":25}},"loc":{"start":{"line":22,"column":28},"end":{"line":24,"column":3}},"line":22},"5":{"name":"success","decl":{"start":{"line":36,"column":20},"end":{"line":36,"column":27}},"loc":{"start":{"line":36,"column":50},"end":{"line":41,"column":5}},"line":36},"6":{"name":"error","decl":{"start":{"line":52,"column":20},"end":{"line":52,"column":25}},"loc":{"start":{"line":52,"column":47},"end":{"line":57,"column":5}},"line":52}},"branchMap":{"0":{"loc":{"start":{"line":8,"column":50},"end":{"line":8,"column":151}},"type":"if","locations":[{"start":{"line":8,"column":50},"end":{"line":8,"column":151}},{"start":{"line":8,"column":50},"end":{"line":8,"column":151}}],"line":8},"1":{"loc":{"start":{"line":10,"column":136},"end":{"line":10,"column":166}},"type":"binary-expr","locations":[{"start":{"line":10,"column":136},"end":{"line":10,"column":157}},{"start":{"line":10,"column":161},"end":{"line":10,"column":166}}],"line":10},"2":{"loc":{"start":{"line":10,"column":200},"end":{"line":10,"column":254}},"type":"if","locations":[{"start":{"line":10,"column":200},"end":{"line":10,"column":254}},{"start":{"line":10,"column":200},"end":{"line":10,"column":254}}],"line":10},"3":{"loc":{"start":{"line":12,"column":62},"end":{"line":12,"column":131}},"type":"if","locations":[{"start":{"line":12,"column":62},"end":{"line":12,"column":131}},{"start":{"line":12,"column":62},"end":{"line":12,"column":131}}],"line":12},"4":{"loc":{"start":{"line":12,"column":132},"end":{"line":12,"column":193}},"type":"if","locations":[{"start":{"line":12,"column":132},"end":{"line":12,"column":193}},{"start":{"line":12,"column":132},"end":{"line":12,"column":193}}],"line":12}},"s":{"0":1,"1":1,"2":0,"3":0,"4":1,"5":1,"6":2,"7":2,"8":2,"9":2,"10":2,"11":2,"12":1,"13":0,"14":1,"15":1,"16":1,"17":1,"18":0,"19":1,"20":15,"21":35,"22":1,"23":1,"24":1},"f":{"0":0,"1":1,"2":1,"3":1,"4":0,"5":15,"6":35},"b":{"0":[0,0],"1":[2,2],"2":[2,0],"3":[0,1],"4":[1,0]},"_coverageSchema":"43e27e138ebf9cfc5966b082cf9a028302ed4184","hash":"79a593f5c773d5b7b30869ec9fa241817296a6f8","contentHash":"0faddcf65e983a5b580764e13fc6a71175834d292d26cba1372a366e4919253a"},"/home/korey/codecamp/quick-credit/server/controllers/loansController.js":{"path":"/home/korey/codecamp/quick-credit/server/controllers/loansController.js","statementMap":{"0":{"start":{"line":3,"column":0},"end":{"line":5,"column":3}},"1":{"start":{"line":6,"column":0},"end":{"line":6,"column":28}},"2":{"start":{"line":8,"column":18},"end":{"line":8,"column":72}},"3":{"start":{"line":10,"column":22},"end":{"line":10,"column":82}},"4":{"start":{"line":12,"column":13},"end":{"line":12,"column":64}},"5":{"start":{"line":14,"column":20},"end":{"line":14,"column":78}},"6":{"start":{"line":16,"column":39},"end":{"line":16,"column":95}},"7":{"start":{"line":18,"column":50},"end":{"line":18,"column":151}},"8":{"start":{"line":18,"column":92},"end":{"line":18,"column":149}},"9":{"start":{"line":20,"column":44},"end":{"line":20,"column":315}},"10":{"start":{"line":20,"column":57},"end":{"line":20,"column":58}},"11":{"start":{"line":20,"column":102},"end":{"line":20,"column":110}},"12":{"start":{"line":20,"column":112},"end":{"line":20,"column":167}},"13":{"start":{"line":20,"column":168},"end":{"line":20,"column":199}},"14":{"start":{"line":20,"column":200},"end":{"line":20,"column":254}},"15":{"start":{"line":20,"column":227},"end":{"line":20,"column":254}},"16":{"start":{"line":20,"column":255},"end":{"line":20,"column":313}},"17":{"start":{"line":22,"column":62},"end":{"line":22,"column":131}},"18":{"start":{"line":22,"column":78},"end":{"line":22,"column":131}},"19":{"start":{"line":22,"column":132},"end":{"line":22,"column":193}},"20":{"start":{"line":22,"column":149},"end":{"line":22,"column":193}},"21":{"start":{"line":22,"column":194},"end":{"line":22,"column":213}},"22":{"start":{"line":35,"column":0},"end":{"line":206,"column":3}},"23":{"start":{"line":37,"column":4},"end":{"line":37,"column":43}},"24":{"start":{"line":40,"column":2},"end":{"line":203,"column":6}},"25":{"start":{"line":49,"column":22},"end":{"line":49,"column":42}},"26":{"start":{"line":51,"column":24},"end":{"line":51,"column":74}},"27":{"start":{"line":53,"column":6},"end":{"line":73,"column":7}},"28":{"start":{"line":54,"column":8},"end":{"line":54,"column":171}},"29":{"start":{"line":56,"column":22},"end":{"line":56,"column":71}},"30":{"start":{"line":58,"column":8},"end":{"line":72,"column":11}},"31":{"start":{"line":75,"column":6},"end":{"line":75,"column":18}},"32":{"start":{"line":87,"column":21},"end":{"line":87,"column":23}},"33":{"start":{"line":89,"column":6},"end":{"line":91,"column":7}},"34":{"start":{"line":90,"column":8},"end":{"line":90,"column":59}},"35":{"start":{"line":93,"column":22},"end":{"line":93,"column":42}},"36":{"start":{"line":94,"column":20},"end":{"line":94,"column":42}},"37":{"start":{"line":95,"column":6},"end":{"line":95,"column":69}},"38":{"start":{"line":97,"column":6},"end":{"line":99,"column":7}},"39":{"start":{"line":98,"column":8},"end":{"line":98,"column":70}},"40":{"start":{"line":101,"column":6},"end":{"line":101,"column":90}},"41":{"start":{"line":113,"column":23},"end":{"line":113,"column":32}},"42":{"start":{"line":114,"column":19},"end":{"line":114,"column":36}},"43":{"start":{"line":115,"column":19},"end":{"line":115,"column":36}},"44":{"start":{"line":117,"column":6},"end":{"line":119,"column":7}},"45":{"start":{"line":118,"column":8},"end":{"line":118,"column":62}},"46":{"start":{"line":121,"column":6},"end":{"line":121,"column":95}},"47":{"start":{"line":133,"column":24},"end":{"line":133,"column":26}},"48":{"start":{"line":135,"column":6},"end":{"line":137,"column":7}},"49":{"start":{"line":136,"column":8},"end":{"line":136,"column":62}},"50":{"start":{"line":139,"column":6},"end":{"line":141,"column":7}},"51":{"start":{"line":140,"column":8},"end":{"line":140,"column":63}},"52":{"start":{"line":143,"column":6},"end":{"line":145,"column":7}},"53":{"start":{"line":144,"column":8},"end":{"line":144,"column":92}},"54":{"start":{"line":147,"column":6},"end":{"line":147,"column":71}},"55":{"start":{"line":159,"column":19},"end":{"line":159,"column":57}},"56":{"start":{"line":161,"column":17},"end":{"line":161,"column":61}},"57":{"start":{"line":163,"column":6},"end":{"line":165,"column":7}},"58":{"start":{"line":164,"column":8},"end":{"line":164,"column":91}},"59":{"start":{"line":167,"column":6},"end":{"line":167,"column":64}},"60":{"start":{"line":180,"column":19},"end":{"line":180,"column":57}},"61":{"start":{"line":181,"column":19},"end":{"line":181,"column":34}},"62":{"start":{"line":183,"column":22},"end":{"line":183,"column":72}},"63":{"start":{"line":185,"column":6},"end":{"line":187,"column":7}},"64":{"start":{"line":186,"column":8},"end":{"line":186,"column":91}},"65":{"start":{"line":189,"column":6},"end":{"line":191,"column":7}},"66":{"start":{"line":190,"column":8},"end":{"line":190,"column":100}},"67":{"start":{"line":193,"column":25},"end":{"line":200,"column":7}},"68":{"start":{"line":201,"column":6},"end":{"line":201,"column":72}},"69":{"start":{"line":205,"column":2},"end":{"line":205,"column":25}},"70":{"start":{"line":208,"column":15},"end":{"line":208,"column":30}},"71":{"start":{"line":209,"column":0},"end":{"line":209,"column":30}}},"fnMap":{"0":{"name":"_interopRequireDefault","decl":{"start":{"line":16,"column":9},"end":{"line":16,"column":31}},"loc":{"start":{"line":16,"column":37},"end":{"line":16,"column":97}},"line":16},"1":{"name":"_classCallCheck","decl":{"start":{"line":18,"column":9},"end":{"line":18,"column":24}},"loc":{"start":{"line":18,"column":48},"end":{"line":18,"column":153}},"line":18},"2":{"name":"_defineProperties","decl":{"start":{"line":20,"column":9},"end":{"line":20,"column":26}},"loc":{"start":{"line":20,"column":42},"end":{"line":20,"column":317}},"line":20},"3":{"name":"_createClass","decl":{"start":{"line":22,"column":9},"end":{"line":22,"column":21}},"loc":{"start":{"line":22,"column":60},"end":{"line":22,"column":215}},"line":22},"4":{"name":"(anonymous_4)","decl":{"start":{"line":35,"column":0},"end":{"line":35,"column":1}},"loc":{"start":{"line":35,"column":12},"end":{"line":206,"column":1}},"line":35},"5":{"name":"LoansController","decl":{"start":{"line":36,"column":11},"end":{"line":36,"column":26}},"loc":{"start":{"line":36,"column":29},"end":{"line":38,"column":3}},"line":36},"6":{"name":"createLoan","decl":{"start":{"line":48,"column":20},"end":{"line":48,"column":30}},"loc":{"start":{"line":48,"column":41},"end":{"line":76,"column":5}},"line":48},"7":{"name":"getLoans","decl":{"start":{"line":86,"column":20},"end":{"line":86,"column":28}},"loc":{"start":{"line":86,"column":39},"end":{"line":102,"column":5}},"line":86},"8":{"name":"perpareLoansQuery","decl":{"start":{"line":112,"column":20},"end":{"line":112,"column":37}},"loc":{"start":{"line":112,"column":48},"end":{"line":122,"column":5}},"line":112},"9":{"name":"processLoansQuery","decl":{"start":{"line":132,"column":20},"end":{"line":132,"column":37}},"loc":{"start":{"line":132,"column":51},"end":{"line":148,"column":5}},"line":132},"10":{"name":"getLoan","decl":{"start":{"line":158,"column":20},"end":{"line":158,"column":27}},"loc":{"start":{"line":158,"column":38},"end":{"line":168,"column":5}},"line":158},"11":{"name":"approveLoan","decl":{"start":{"line":179,"column":20},"end":{"line":179,"column":31}},"loc":{"start":{"line":179,"column":42},"end":{"line":202,"column":5}},"line":179}},"branchMap":{"0":{"loc":{"start":{"line":16,"column":46},"end":{"line":16,"column":94}},"type":"cond-expr","locations":[{"start":{"line":16,"column":70},"end":{"line":16,"column":73}},{"start":{"line":16,"column":76},"end":{"line":16,"column":94}}],"line":16},"1":{"loc":{"start":{"line":16,"column":46},"end":{"line":16,"column":67}},"type":"binary-expr","locations":[{"start":{"line":16,"column":46},"end":{"line":16,"column":49}},{"start":{"line":16,"column":53},"end":{"line":16,"column":67}}],"line":16},"2":{"loc":{"start":{"line":18,"column":50},"end":{"line":18,"column":151}},"type":"if","locations":[{"start":{"line":18,"column":50},"end":{"line":18,"column":151}},{"start":{"line":18,"column":50},"end":{"line":18,"column":151}}],"line":18},"3":{"loc":{"start":{"line":20,"column":136},"end":{"line":20,"column":166}},"type":"binary-expr","locations":[{"start":{"line":20,"column":136},"end":{"line":20,"column":157}},{"start":{"line":20,"column":161},"end":{"line":20,"column":166}}],"line":20},"4":{"loc":{"start":{"line":20,"column":200},"end":{"line":20,"column":254}},"type":"if","locations":[{"start":{"line":20,"column":200},"end":{"line":20,"column":254}},{"start":{"line":20,"column":200},"end":{"line":20,"column":254}}],"line":20},"5":{"loc":{"start":{"line":22,"column":62},"end":{"line":22,"column":131}},"type":"if","locations":[{"start":{"line":22,"column":62},"end":{"line":22,"column":131}},{"start":{"line":22,"column":62},"end":{"line":22,"column":131}}],"line":22},"6":{"loc":{"start":{"line":22,"column":132},"end":{"line":22,"column":193}},"type":"if","locations":[{"start":{"line":22,"column":132},"end":{"line":22,"column":193}},{"start":{"line":22,"column":132},"end":{"line":22,"column":193}}],"line":22},"7":{"loc":{"start":{"line":53,"column":6},"end":{"line":73,"column":7}},"type":"if","locations":[{"start":{"line":53,"column":6},"end":{"line":73,"column":7}},{"start":{"line":53,"column":6},"end":{"line":73,"column":7}}],"line":53},"8":{"loc":{"start":{"line":89,"column":6},"end":{"line":91,"column":7}},"type":"if","locations":[{"start":{"line":89,"column":6},"end":{"line":91,"column":7}},{"start":{"line":89,"column":6},"end":{"line":91,"column":7}}],"line":89},"9":{"loc":{"start":{"line":97,"column":6},"end":{"line":99,"column":7}},"type":"if","locations":[{"start":{"line":97,"column":6},"end":{"line":99,"column":7}},{"start":{"line":97,"column":6},"end":{"line":99,"column":7}}],"line":97},"10":{"loc":{"start":{"line":117,"column":6},"end":{"line":119,"column":7}},"type":"if","locations":[{"start":{"line":117,"column":6},"end":{"line":119,"column":7}},{"start":{"line":117,"column":6},"end":{"line":119,"column":7}}],"line":117},"11":{"loc":{"start":{"line":117,"column":10},"end":{"line":117,"column":76}},"type":"binary-expr","locations":[{"start":{"line":117,"column":10},"end":{"line":117,"column":31}},{"start":{"line":117,"column":36},"end":{"line":117,"column":54}},{"start":{"line":117,"column":58},"end":{"line":117,"column":75}}],"line":117},"12":{"loc":{"start":{"line":135,"column":6},"end":{"line":137,"column":7}},"type":"if","locations":[{"start":{"line":135,"column":6},"end":{"line":137,"column":7}},{"start":{"line":135,"column":6},"end":{"line":137,"column":7}}],"line":135},"13":{"loc":{"start":{"line":139,"column":6},"end":{"line":141,"column":7}},"type":"if","locations":[{"start":{"line":139,"column":6},"end":{"line":141,"column":7}},{"start":{"line":139,"column":6},"end":{"line":141,"column":7}}],"line":139},"14":{"loc":{"start":{"line":143,"column":6},"end":{"line":145,"column":7}},"type":"if","locations":[{"start":{"line":143,"column":6},"end":{"line":145,"column":7}},{"start":{"line":143,"column":6},"end":{"line":145,"column":7}}],"line":143},"15":{"loc":{"start":{"line":163,"column":6},"end":{"line":165,"column":7}},"type":"if","locations":[{"start":{"line":163,"column":6},"end":{"line":165,"column":7}},{"start":{"line":163,"column":6},"end":{"line":165,"column":7}}],"line":163},"16":{"loc":{"start":{"line":185,"column":6},"end":{"line":187,"column":7}},"type":"if","locations":[{"start":{"line":185,"column":6},"end":{"line":187,"column":7}},{"start":{"line":185,"column":6},"end":{"line":187,"column":7}}],"line":185},"17":{"loc":{"start":{"line":189,"column":6},"end":{"line":191,"column":7}},"type":"if","locations":[{"start":{"line":189,"column":6},"end":{"line":191,"column":7}},{"start":{"line":189,"column":6},"end":{"line":191,"column":7}}],"line":189}},"s":{"0":1,"1":1,"2":1,"3":1,"4":1,"5":1,"6":4,"7":0,"8":0,"9":1,"10":1,"11":6,"12":6,"13":6,"14":6,"15":6,"16":6,"17":1,"18":0,"19":1,"20":1,"21":1,"22":1,"23":0,"24":1,"25":3,"26":3,"27":3,"28":2,"29":1,"30":1,"31":2,"32":8,"33":8,"34":5,"35":3,"36":3,"37":3,"38":3,"39":2,"40":1,"41":5,"42":5,"43":5,"44":5,"45":3,"46":2,"47":3,"48":3,"49":1,"50":3,"51":2,"52":3,"53":1,"54":2,"55":2,"56":2,"57":2,"58":1,"59":1,"60":7,"61":7,"62":7,"63":7,"64":1,"65":6,"66":1,"67":5,"68":5,"69":1,"70":1,"71":1},"f":{"0":4,"1":0,"2":1,"3":1,"4":1,"5":0,"6":3,"7":8,"8":5,"9":3,"10":2,"11":7},"b":{"0":[4,0],"1":[4,4],"2":[0,0],"3":[6,6],"4":[6,0],"5":[0,1],"6":[1,0],"7":[2,1],"8":[5,3],"9":[2,1],"10":[3,2],"11":[5,3,1],"12":[1,2],"13":[2,1],"14":[1,2],"15":[1,1],"16":[1,6],"17":[1,5]},"_coverageSchema":"43e27e138ebf9cfc5966b082cf9a028302ed4184","hash":"69d937e91c630354b653d46e19a47d2a3ab32e26","contentHash":"53b977af3484f66057b81c4f38156eeb59de2874797c0f7ee6f162175565a5f8"},"/home/korey/codecamp/quick-credit/server/model/loansModel.js":{"path":"/home/korey/codecamp/quick-credit/server/model/loansModel.js","statementMap":{"0":{"start":{"line":3,"column":0},"end":{"line":5,"column":3}},"1":{"start":{"line":6,"column":0},"end":{"line":6,"column":28}},"2":{"start":{"line":8,"column":13},"end":{"line":8,"column":62}},"3":{"start":{"line":10,"column":18},"end":{"line":10,"column":74}},"4":{"start":{"line":12,"column":13},"end":{"line":12,"column":64}},"5":{"start":{"line":14,"column":39},"end":{"line":14,"column":95}},"6":{"start":{"line":16,"column":50},"end":{"line":16,"column":151}},"7":{"start":{"line":16,"column":92},"end":{"line":16,"column":149}},"8":{"start":{"line":18,"column":44},"end":{"line":18,"column":315}},"9":{"start":{"line":18,"column":57},"end":{"line":18,"column":58}},"10":{"start":{"line":18,"column":102},"end":{"line":18,"column":110}},"11":{"start":{"line":18,"column":112},"end":{"line":18,"column":167}},"12":{"start":{"line":18,"column":168},"end":{"line":18,"column":199}},"13":{"start":{"line":18,"column":200},"end":{"line":18,"column":254}},"14":{"start":{"line":18,"column":227},"end":{"line":18,"column":254}},"15":{"start":{"line":18,"column":255},"end":{"line":18,"column":313}},"16":{"start":{"line":20,"column":62},"end":{"line":20,"column":131}},"17":{"start":{"line":20,"column":78},"end":{"line":20,"column":131}},"18":{"start":{"line":20,"column":132},"end":{"line":20,"column":193}},"19":{"start":{"line":20,"column":149},"end":{"line":20,"column":193}},"20":{"start":{"line":20,"column":194},"end":{"line":20,"column":213}},"21":{"start":{"line":31,"column":0},"end":{"line":209,"column":3}},"22":{"start":{"line":33,"column":4},"end":{"line":33,"column":38}},"23":{"start":{"line":36,"column":2},"end":{"line":206,"column":6}},"24":{"start":{"line":46,"column":22},"end":{"line":46,"column":30}},"25":{"start":{"line":47,"column":18},"end":{"line":47,"column":33}},"26":{"start":{"line":48,"column":19},"end":{"line":48,"column":35}},"27":{"start":{"line":49,"column":6},"end":{"line":49,"column":32}},"28":{"start":{"line":50,"column":6},"end":{"line":50,"column":34}},"29":{"start":{"line":52,"column":21},"end":{"line":52,"column":74}},"30":{"start":{"line":54,"column":20},"end":{"line":54,"column":72}},"31":{"start":{"line":56,"column":31},"end":{"line":56,"column":94}},"32":{"start":{"line":58,"column":20},"end":{"line":69,"column":7}},"33":{"start":{"line":71,"column":6},"end":{"line":71,"column":38}},"34":{"start":{"line":73,"column":6},"end":{"line":73,"column":21}},"35":{"start":{"line":84,"column":6},"end":{"line":86,"column":7}},"36":{"start":{"line":85,"column":8},"end":{"line":85,"column":33}},"37":{"start":{"line":88,"column":6},"end":{"line":88,"column":77}},"38":{"start":{"line":99,"column":17},"end":{"line":99,"column":82}},"39":{"start":{"line":101,"column":6},"end":{"line":103,"column":7}},"40":{"start":{"line":102,"column":8},"end":{"line":102,"column":25}},"41":{"start":{"line":105,"column":6},"end":{"line":105,"column":18}},"42":{"start":{"line":116,"column":6},"end":{"line":116,"column":111}},"43":{"start":{"line":127,"column":6},"end":{"line":127,"column":110}},"44":{"start":{"line":142,"column":22},"end":{"line":142,"column":84}},"45":{"start":{"line":144,"column":6},"end":{"line":154,"column":7}},"46":{"start":{"line":145,"column":8},"end":{"line":145,"column":25}},"47":{"start":{"line":146,"column":13},"end":{"line":154,"column":7}},"48":{"start":{"line":147,"column":8},"end":{"line":147,"column":27}},"49":{"start":{"line":149,"column":8},"end":{"line":149,"column":39}},"50":{"start":{"line":151,"column":8},"end":{"line":151,"column":69}},"51":{"start":{"line":153,"column":8},"end":{"line":153,"column":30}},"52":{"start":{"line":156,"column":6},"end":{"line":156,"column":18}},"53":{"start":{"line":169,"column":22},"end":{"line":169,"column":84}},"54":{"start":{"line":171,"column":6},"end":{"line":171,"column":58}},"55":{"start":{"line":173,"column":6},"end":{"line":176,"column":7}},"56":{"start":{"line":175,"column":8},"end":{"line":175,"column":37}},"57":{"start":{"line":178,"column":24},"end":{"line":178,"column":84}},"58":{"start":{"line":180,"column":6},"end":{"line":180,"column":28}},"59":{"start":{"line":191,"column":22},"end":{"line":193,"column":8}},"60":{"start":{"line":192,"column":8},"end":{"line":192,"column":121}},"61":{"start":{"line":195,"column":6},"end":{"line":200,"column":7}},"62":{"start":{"line":196,"column":8},"end":{"line":199,"column":10}},"63":{"start":{"line":202,"column":6},"end":{"line":204,"column":8}},"64":{"start":{"line":208,"column":2},"end":{"line":208,"column":20}},"65":{"start":{"line":211,"column":15},"end":{"line":211,"column":25}},"66":{"start":{"line":212,"column":0},"end":{"line":212,"column":30}}},"fnMap":{"0":{"name":"_interopRequireDefault","decl":{"start":{"line":14,"column":9},"end":{"line":14,"column":31}},"loc":{"start":{"line":14,"column":37},"end":{"line":14,"column":97}},"line":14},"1":{"name":"_classCallCheck","decl":{"start":{"line":16,"column":9},"end":{"line":16,"column":24}},"loc":{"start":{"line":16,"column":48},"end":{"line":16,"column":153}},"line":16},"2":{"name":"_defineProperties","decl":{"start":{"line":18,"column":9},"end":{"line":18,"column":26}},"loc":{"start":{"line":18,"column":42},"end":{"line":18,"column":317}},"line":18},"3":{"name":"_createClass","decl":{"start":{"line":20,"column":9},"end":{"line":20,"column":21}},"loc":{"start":{"line":20,"column":60},"end":{"line":20,"column":215}},"line":20},"4":{"name":"(anonymous_4)","decl":{"start":{"line":31,"column":0},"end":{"line":31,"column":1}},"loc":{"start":{"line":31,"column":12},"end":{"line":209,"column":1}},"line":31},"5":{"name":"LoansModel","decl":{"start":{"line":32,"column":11},"end":{"line":32,"column":21}},"loc":{"start":{"line":32,"column":24},"end":{"line":34,"column":3}},"line":32},"6":{"name":"createLoan","decl":{"start":{"line":45,"column":20},"end":{"line":45,"column":30}},"loc":{"start":{"line":45,"column":42},"end":{"line":74,"column":5}},"line":45},"7":{"name":"getLoans","decl":{"start":{"line":83,"column":20},"end":{"line":83,"column":28}},"loc":{"start":{"line":83,"column":45},"end":{"line":89,"column":5}},"line":83},"8":{"name":"getSingleLoan","decl":{"start":{"line":98,"column":20},"end":{"line":98,"column":33}},"loc":{"start":{"line":98,"column":42},"end":{"line":106,"column":5}},"line":98},"9":{"name":"getCurrentLoans","decl":{"start":{"line":115,"column":20},"end":{"line":115,"column":35}},"loc":{"start":{"line":115,"column":38},"end":{"line":117,"column":5}},"line":115},"10":{"name":"getRepaidLoans","decl":{"start":{"line":126,"column":20},"end":{"line":126,"column":34}},"loc":{"start":{"line":126,"column":37},"end":{"line":128,"column":5}},"line":126},"11":{"name":"approveLoan","decl":{"start":{"line":139,"column":20},"end":{"line":139,"column":31}},"loc":{"start":{"line":139,"column":48},"end":{"line":157,"column":5}},"line":139},"12":{"name":"updateLoanAfterRepayment","decl":{"start":{"line":168,"column":20},"end":{"line":168,"column":44}},"loc":{"start":{"line":168,"column":61},"end":{"line":181,"column":5}},"line":168},"13":{"name":"checkCurrentLoan","decl":{"start":{"line":190,"column":20},"end":{"line":190,"column":36}},"loc":{"start":{"line":190,"column":44},"end":{"line":205,"column":5}},"line":190},"14":{"name":"(anonymous_14)","decl":{"start":{"line":191,"column":45},"end":{"line":191,"column":46}},"loc":{"start":{"line":191,"column":61},"end":{"line":193,"column":7}},"line":191}},"branchMap":{"0":{"loc":{"start":{"line":14,"column":46},"end":{"line":14,"column":94}},"type":"cond-expr","locations":[{"start":{"line":14,"column":70},"end":{"line":14,"column":73}},{"start":{"line":14,"column":76},"end":{"line":14,"column":94}}],"line":14},"1":{"loc":{"start":{"line":14,"column":46},"end":{"line":14,"column":67}},"type":"binary-expr","locations":[{"start":{"line":14,"column":46},"end":{"line":14,"column":49}},{"start":{"line":14,"column":53},"end":{"line":14,"column":67}}],"line":14},"2":{"loc":{"start":{"line":16,"column":50},"end":{"line":16,"column":151}},"type":"if","locations":[{"start":{"line":16,"column":50},"end":{"line":16,"column":151}},{"start":{"line":16,"column":50},"end":{"line":16,"column":151}}],"line":16},"3":{"loc":{"start":{"line":18,"column":136},"end":{"line":18,"column":166}},"type":"binary-expr","locations":[{"start":{"line":18,"column":136},"end":{"line":18,"column":157}},{"start":{"line":18,"column":161},"end":{"line":18,"column":166}}],"line":18},"4":{"loc":{"start":{"line":18,"column":200},"end":{"line":18,"column":254}},"type":"if","locations":[{"start":{"line":18,"column":200},"end":{"line":18,"column":254}},{"start":{"line":18,"column":200},"end":{"line":18,"column":254}}],"line":18},"5":{"loc":{"start":{"line":20,"column":62},"end":{"line":20,"column":131}},"type":"if","locations":[{"start":{"line":20,"column":62},"end":{"line":20,"column":131}},{"start":{"line":20,"column":62},"end":{"line":20,"column":131}}],"line":20},"6":{"loc":{"start":{"line":20,"column":132},"end":{"line":20,"column":193}},"type":"if","locations":[{"start":{"line":20,"column":132},"end":{"line":20,"column":193}},{"start":{"line":20,"column":132},"end":{"line":20,"column":193}}],"line":20},"7":{"loc":{"start":{"line":84,"column":6},"end":{"line":86,"column":7}},"type":"if","locations":[{"start":{"line":84,"column":6},"end":{"line":86,"column":7}},{"start":{"line":84,"column":6},"end":{"line":86,"column":7}}],"line":84},"8":{"loc":{"start":{"line":101,"column":6},"end":{"line":103,"column":7}},"type":"if","locations":[{"start":{"line":101,"column":6},"end":{"line":103,"column":7}},{"start":{"line":101,"column":6},"end":{"line":103,"column":7}}],"line":101},"9":{"loc":{"start":{"line":144,"column":6},"end":{"line":154,"column":7}},"type":"if","locations":[{"start":{"line":144,"column":6},"end":{"line":154,"column":7}},{"start":{"line":144,"column":6},"end":{"line":154,"column":7}}],"line":144},"10":{"loc":{"start":{"line":146,"column":13},"end":{"line":154,"column":7}},"type":"if","locations":[{"start":{"line":146,"column":13},"end":{"line":154,"column":7}},{"start":{"line":146,"column":13},"end":{"line":154,"column":7}}],"line":146},"11":{"loc":{"start":{"line":173,"column":6},"end":{"line":176,"column":7}},"type":"if","locations":[{"start":{"line":173,"column":6},"end":{"line":176,"column":7}},{"start":{"line":173,"column":6},"end":{"line":176,"column":7}}],"line":173},"12":{"loc":{"start":{"line":192,"column":15},"end":{"line":192,"column":120}},"type":"binary-expr","locations":[{"start":{"line":192,"column":15},"end":{"line":192,"column":34}},{"start":{"line":192,"column":38},"end":{"line":192,"column":59}},{"start":{"line":192,"column":64},"end":{"line":192,"column":89}},{"start":{"line":192,"column":93},"end":{"line":192,"column":119}}],"line":192},"13":{"loc":{"start":{"line":195,"column":6},"end":{"line":200,"column":7}},"type":"if","locations":[{"start":{"line":195,"column":6},"end":{"line":200,"column":7}},{"start":{"line":195,"column":6},"end":{"line":200,"column":7}}],"line":195}},"s":{"0":1,"1":1,"2":1,"3":1,"4":1,"5":3,"6":0,"7":0,"8":1,"9":1,"10":8,"11":8,"12":8,"13":8,"14":8,"15":8,"16":1,"17":0,"18":1,"19":1,"20":1,"21":1,"22":0,"23":1,"24":1,"25":1,"26":1,"27":1,"28":1,"29":1,"30":1,"31":1,"32":1,"33":1,"34":1,"35":3,"36":1,"37":2,"38":12,"39":12,"40":2,"41":10,"42":2,"43":1,"44":7,"45":7,"46":1,"47":6,"48":1,"49":5,"50":5,"51":5,"52":7,"53":2,"54":2,"55":2,"56":1,"57":2,"58":2,"59":3,"60":13,"61":3,"62":2,"63":1,"64":1,"65":1,"66":1},"f":{"0":3,"1":0,"2":1,"3":1,"4":1,"5":0,"6":1,"7":3,"8":12,"9":2,"10":1,"11":7,"12":2,"13":3,"14":13},"b":{"0":[3,0],"1":[3,3],"2":[0,0],"3":[8,8],"4":[8,0],"5":[0,1],"6":[1,0],"7":[1,2],"8":[2,10],"9":[1,6],"10":[1,5],"11":[1,1],"12":[13,4,2,1],"13":[2,1]},"_coverageSchema":"43e27e138ebf9cfc5966b082cf9a028302ed4184","hash":"1ea82bc698c2cc55b81fe5b5a578da2ef3c22d69","contentHash":"e8fa8e49a239dcc4914c667d81d59e9957631afdb234224f9475a9a561e3c140"},"/home/korey/codecamp/quick-credit/server/dummy/loans.js":{"path":"/home/korey/codecamp/quick-credit/server/dummy/loans.js","statementMap":{"0":{"start":{"line":3,"column":0},"end":{"line":5,"column":3}},"1":{"start":{"line":6,"column":0},"end":{"line":6,"column":28}},"2":{"start":{"line":12,"column":12},"end":{"line":67,"column":2}},"3":{"start":{"line":68,"column":15},"end":{"line":68,"column":20}},"4":{"start":{"line":69,"column":0},"end":{"line":69,"column":30}}},"fnMap":{},"branchMap":{},"s":{"0":1,"1":1,"2":1,"3":1,"4":1},"f":{},"b":{},"_coverageSchema":"43e27e138ebf9cfc5966b082cf9a028302ed4184","hash":"591e0d76364c167085ddd369a28e9c445cb0f075","contentHash":"dad4babe3d056498cda39eae60159962214aa71ff594623f9511b8c92a8fc3a3"},"/home/korey/codecamp/quick-credit/server/helpers/loanHelper.js":{"path":"/home/korey/codecamp/quick-credit/server/helpers/loanHelper.js","statementMap":{"0":{"start":{"line":3,"column":0},"end":{"line":5,"column":3}},"1":{"start":{"line":6,"column":0},"end":{"line":6,"column":28}},"2":{"start":{"line":8,"column":50},"end":{"line":8,"column":151}},"3":{"start":{"line":8,"column":92},"end":{"line":8,"column":149}},"4":{"start":{"line":10,"column":44},"end":{"line":10,"column":315}},"5":{"start":{"line":10,"column":57},"end":{"line":10,"column":58}},"6":{"start":{"line":10,"column":102},"end":{"line":10,"column":110}},"7":{"start":{"line":10,"column":112},"end":{"line":10,"column":167}},"8":{"start":{"line":10,"column":168},"end":{"line":10,"column":199}},"9":{"start":{"line":10,"column":200},"end":{"line":10,"column":254}},"10":{"start":{"line":10,"column":227},"end":{"line":10,"column":254}},"11":{"start":{"line":10,"column":255},"end":{"line":10,"column":313}},"12":{"start":{"line":12,"column":62},"end":{"line":12,"column":131}},"13":{"start":{"line":12,"column":78},"end":{"line":12,"column":131}},"14":{"start":{"line":12,"column":132},"end":{"line":12,"column":193}},"15":{"start":{"line":12,"column":149},"end":{"line":12,"column":193}},"16":{"start":{"line":12,"column":194},"end":{"line":12,"column":213}},"17":{"start":{"line":21,"column":0},"end":{"line":62,"column":3}},"18":{"start":{"line":23,"column":4},"end":{"line":23,"column":38}},"19":{"start":{"line":26,"column":2},"end":{"line":59,"column":6}},"20":{"start":{"line":35,"column":6},"end":{"line":35,"column":27}},"21":{"start":{"line":46,"column":6},"end":{"line":46,"column":47}},"22":{"start":{"line":57,"column":6},"end":{"line":57,"column":45}},"23":{"start":{"line":61,"column":2},"end":{"line":61,"column":20}},"24":{"start":{"line":64,"column":15},"end":{"line":64,"column":25}},"25":{"start":{"line":65,"column":0},"end":{"line":65,"column":30}}},"fnMap":{"0":{"name":"_classCallCheck","decl":{"start":{"line":8,"column":9},"end":{"line":8,"column":24}},"loc":{"start":{"line":8,"column":48},"end":{"line":8,"column":153}},"line":8},"1":{"name":"_defineProperties","decl":{"start":{"line":10,"column":9},"end":{"line":10,"column":26}},"loc":{"start":{"line":10,"column":42},"end":{"line":10,"column":317}},"line":10},"2":{"name":"_createClass","decl":{"start":{"line":12,"column":9},"end":{"line":12,"column":21}},"loc":{"start":{"line":12,"column":60},"end":{"line":12,"column":215}},"line":12},"3":{"name":"(anonymous_3)","decl":{"start":{"line":21,"column":0},"end":{"line":21,"column":1}},"loc":{"start":{"line":21,"column":12},"end":{"line":62,"co
[...]
":10},"end":{"line":168,"column":45}},"127":{"start":{"line":169,"column":10},"end":{"line":169,"column":17}},"128":{"start":{"line":172,"column":6},"end":{"line":180,"column":9}},"129":{"start":{"line":173,"column":8},"end":{"line":179,"column":11}},"130":{"start":{"line":174,"column":10},"end":{"line":174,"column":38}},"131":{"start":{"line":175,"column":10},"end":{"line":175,"column":41}},"132":{"start":{"line":176,"column":10},"end":{"line":176,"column":49}},"133":{"start":{"line":177,"column":10},"end":{"line":177,"column":75}},"134":{"start":{"line":178,"column":10},"end":{"line":178,"column":17}},"135":{"start":{"line":182,"column":4},"end":{"line":206,"column":7}},"136":{"start":{"line":183,"column":6},"end":{"line":188,"column":9}},"137":{"start":{"line":184,"column":8},"end":{"line":187,"column":11}},"138":{"start":{"line":185,"column":10},"end":{"line":185,"column":45}},"139":{"start":{"line":186,"column":10},"end":{"line":186,"column":17}},"140":{"start":{"line":189,"column":6},"end":{"line":205,"column":9}},"141":{"start":{"line":190,"column":8},"end":{"line":204,"column":11}},"142":{"start":{"line":191,"column":10},"end":{"line":191,"column":38}},"143":{"start":{"line":192,"column":10},"end":{"line":192,"column":41}},"144":{"start":{"line":193,"column":10},"end":{"line":193,"column":48}},"145":{"start":{"line":194,"column":10},"end":{"line":194,"column":45}},"146":{"start":{"line":195,"column":10},"end":{"line":195,"column":49}},"147":{"start":{"line":196,"column":10},"end":{"line":196,"column":54}},"148":{"start":{"line":197,"column":10},"end":{"line":197,"column":57}},"149":{"start":{"line":198,"column":10},"end":{"line":198,"column":61}},"150":{"start":{"line":199,"column":10},"end":{"line":199,"column":60}},"151":{"start":{"line":200,"column":10},"end":{"line":200,"column":59}},"152":{"start":{"line":201,"column":10},"end":{"line":201,"column":58}},"153":{"start":{"line":202,"column":10},"end":{"line":202,"column":59}},"154":{"start":{"line":203,"column":10},"end":{"line":203,"column":17}},"155":{"start":{"line":208,"column":2},"end":{"line":286,"column":5}},"156":{"start":{"line":209,"column":4},"end":{"line":219,"column":7}},"157":{"start":{"line":210,"column":18},"end":{"line":210,"column":38}},"158":{"start":{"line":212,"column":6},"end":{"line":218,"column":9}},"159":{"start":{"line":213,"column":8},"end":{"line":213,"column":36}},"160":{"start":{"line":214,"column":8},"end":{"line":214,"column":39}},"161":{"start":{"line":215,"column":8},"end":{"line":215,"column":47}},"162":{"start":{"line":216,"column":8},"end":{"line":216,"column":79}},"163":{"start":{"line":217,"column":8},"end":{"line":217,"column":15}},"164":{"start":{"line":220,"column":4},"end":{"line":285,"column":7}},"165":{"start":{"line":221,"column":6},"end":{"line":226,"column":9}},"166":{"start":{"line":222,"column":8},"end":{"line":225,"column":11}},"167":{"start":{"line":223,"column":10},"end":{"line":223,"column":45}},"168":{"start":{"line":224,"column":10},"end":{"line":224,"column":17}},"169":{"start":{"line":227,"column":6},"end":{"line":237,"column":9}},"170":{"start":{"line":228,"column":20},"end":{"line":228,"column":40}},"171":{"start":{"line":230,"column":8},"end":{"line":236,"column":11}},"172":{"start":{"line":231,"column":10},"end":{"line":231,"column":38}},"173":{"start":{"line":232,"column":10},"end":{"line":232,"column":41}},"174":{"start":{"line":233,"column":10},"end":{"line":233,"column":49}},"175":{"start":{"line":234,"column":10},"end":{"line":234,"column":75}},"176":{"start":{"line":235,"column":10},"end":{"line":235,"column":17}},"177":{"start":{"line":238,"column":6},"end":{"line":284,"column":9}},"178":{"start":{"line":239,"column":8},"end":{"line":244,"column":11}},"179":{"start":{"line":240,"column":10},"end":{"line":243,"column":13}},"180":{"start":{"line":241,"column":12},"end":{"line":241,"column":47}},"181":{"start":{"line":242,"column":12},"end":{"line":242,"column":19}},"182":{"start":{"line":245,"column":8},"end":{"line":261,"column":11}},"183":{"start":{"line":246,"column":22},"end":{"line":246,"column":42}},"184":{"start":{"line":248,"column":10},"end":{"line":260,"column":13}},"185":{"start":{"line":249,"column":12},"end":{"line":249,"column":40}},"186":{"start":{"line":250,"column":12},"end":{"line":250,"column":43}},"187":{"start":{"line":251,"column":12},"end":{"line":251,"column":50}},"188":{"start":{"line":252,"column":12},"end":{"line":252,"column":48}},"189":{"start":{"line":253,"column":12},"end":{"line":253,"column":56}},"190":{"start":{"line":254,"column":12},"end":{"line":254,"column":60}},"191":{"start":{"line":255,"column":12},"end":{"line":255,"column":59}},"192":{"start":{"line":256,"column":12},"end":{"line":256,"column":59}},"193":{"start":{"line":257,"column":12},"end":{"line":257,"column":58}},"194":{"start":{"line":258,"column":12},"end":{"line":258,"column":57}},"195":{"start":{"line":259,"column":12},"end":{"line":259,"column":19}},"196":{"start":{"line":262,"column":8},"end":{"line":272,"column":11}},"197":{"start":{"line":263,"column":22},"end":{"line":263,"column":42}},"198":{"start":{"line":265,"column":10},"end":{"line":271,"column":13}},"199":{"start":{"line":266,"column":12},"end":{"line":266,"column":40}},"200":{"start":{"line":267,"column":12},"end":{"line":267,"column":43}},"201":{"start":{"line":268,"column":12},"end":{"line":268,"column":51}},"202":{"start":{"line":269,"column":12},"end":{"line":269,"column":82}},"203":{"start":{"line":270,"column":12},"end":{"line":270,"column":19}},"204":{"start":{"line":273,"column":8},"end":{"line":283,"column":11}},"205":{"start":{"line":274,"column":22},"end":{"line":274,"column":43}},"206":{"start":{"line":276,"column":10},"end":{"line":282,"column":13}},"207":{"start":{"line":277,"column":12},"end":{"line":277,"column":40}},"208":{"start":{"line":278,"column":12},"end":{"line":278,"column":43}},"209":{"start":{"line":279,"column":12},"end":{"line":279,"column":51}},"210":{"start":{"line":280,"column":12},"end":{"line":280,"column":73}},"211":{"start":{"line":281,"column":12},"end":{"line":281,"column":19}}},"fnMap":{"0":{"name":"_interopRequireDefault","decl":{"start":{"line":13,"column":9},"end":{"line":13,"column":31}},"loc":{"start":{"line":13,"column":37},"end":{"line":13,"column":97}},"line":13},"1":{"name":"(anonymous_1)","decl":{"start":{"line":23,"column":28},"end":{"line":23,"column":29}},"loc":{"start":{"line":23,"column":40},"end":{"line":287,"column":1}},"line":23},"2":{"name":"(anonymous_2)","decl":{"start":{"line":24,"column":27},"end":{"line":24,"column":28}},"loc":{"start":{"line":24,"column":39},"end":{"line":102,"column":3}},"line":24},"3":{"name":"(anonymous_3)","decl":{"start":{"line":25,"column":65},"end":{"line":25,"column":66}},"loc":{"start":{"line":25,"column":81},"end":{"line":38,"column":5}},"line":25},"4":{"name":"(anonymous_4)","decl":{"start":{"line":26,"column":102},"end":{"line":26,"column":103}},"loc":{"start":{"line":26,"column":124},"end":{"line":37,"column":7}},"line":26},"5":{"name":"(anonymous_5)","decl":{"start":{"line":39,"column":73},"end":{"line":39,"column":74}},"loc":{"start":{"line":39,"column":89},"end":{"line":47,"column":5}},"line":39},"6":{"name":"(anonymous_6)","decl":{"start":{"line":40,"column":102},"end":{"line":40,"column":103}},"loc":{"start":{"line":40,"column":124},"end":{"line":46,"column":7}},"line":40},"7":{"name":"(anonymous_7)","decl":{"start":{"line":48,"column":75},"end":{"line":48,"column":76}},"loc":{"start":{"line":48,"column":91},"end":{"line":56,"column":5}},"line":48},"8":{"name":"(anonymous_8)","decl":{"start":{"line":49,"column":102},"end":{"line":49,"column":103}},"loc":{"start":{"line":49,"column":124},"end":{"line":55,"column":7}},"line":49},"9":{"name":"(anonymous_9)","decl":{"start":{"line":57,"column":59},"end":{"line":57,"column":60}},"loc":{"start":{"line":57,"column":75},"end":{"line":65,"column":5}},"line":57},"10":{"name":"(anonymous_10)","decl":{"start":{"line":58,"column":102},"end":{"line":58,"column":103}},"loc":{"start":{"line":58,"column":124},"end":{"line":64,"column":7}},"line":58},"11":{"name":"(anonymous_11)","decl":{"start":{"line":66,"column":62},"end":{"line":66,"column":63}},"loc":{"start":{"line":66,"column":78},"end":{"line":74,"column":5}},"line":66},"12":{"name":"(anonymous_12)","decl":{"start":{"line":67,"column":102},"end":{"line":67,"column":103}},"loc":{"start":{"line":67,"column":124},"end":{"line":73,"column":7}},"line":67},"13":{"name":"(anonymous_13)","decl":{"start":{"line":75,"column":61},"end":{"line":75,"column":62}},"loc":{"start":{"line":75,"column":77},"end":{"line":83,"column":5}},"line":75},"14":{"name":"(anonymous_14)","decl":{"start":{"line":76,"column":102},"end":{"line":76,"column":103}},"loc":{"start":{"line":76,"column":124},"end":{"line":82,"column":7}},"line":76},"15":{"name":"(anonymous_15)","decl":{"start":{"line":84,"column":77},"end":{"line":84,"column":78}},"loc":{"start":{"line":84,"column":93},"end":{"line":92,"column":5}},"line":84},"16":{"name":"(anonymous_16)","decl":{"start":{"line":85,"column":102},"end":{"line":85,"column":103}},"loc":{"start":{"line":85,"column":124},"end":{"line":91,"column":7}},"line":85},"17":{"name":"(anonymous_17)","decl":{"start":{"line":93,"column":66},"end":{"line":93,"column":67}},"loc":{"start":{"line":93,"column":82},"end":{"line":101,"column":5}},"line":93},"18":{"name":"(anonymous_18)","decl":{"start":{"line":94,"column":102},"end":{"line":94,"column":103}},"loc":{"start":{"line":94,"column":124},"end":{"line":100,"column":7}},"line":94},"19":{"name":"(anonymous_19)","decl":{"start":{"line":103,"column":27},"end":{"line":103,"column":28}},"loc":{"start":{"line":103,"column":39},"end":{"line":154,"column":3}},"line":103},"20":{"name":"(anonymous_20)","decl":{"start":{"line":104,"column":63},"end":{"line":104,"column":64}},"loc":{"start":{"line":104,"column":79},"end":{"line":117,"column":5}},"line":104},"21":{"name":"(anonymous_21)","decl":{"start":{"line":105,"column":102},"end":{"line":105,"column":103}},"loc":{"start":{"line":105,"column":124},"end":{"line":116,"column":7}},"line":105},"22":{"name":"(anonymous_22)","decl":{"start":{"line":118,"column":56},"end":{"line":118,"column":57}},"loc":{"start":{"line":118,"column":72},"end":{"line":126,"column":5}},"line":118},"23":{"name":"(anonymous_23)","decl":{"start":{"line":119,"column":102},"end":{"line":119,"column":103}},"loc":{"start":{"line":119,"column":124},"end":{"line":125,"column":7}},"line":119},"24":{"name":"(anonymous_24)","decl":{"start":{"line":127,"column":57},"end":{"line":127,"column":58}},"loc":{"start":{"line":127,"column":73},"end":{"line":135,"column":5}},"line":127},"25":{"name":"(anonymous_25)","decl":{"start":{"line":128,"column":102},"end":{"line":128,"column":103}},"loc":{"start":{"line":128,"column":124},"end":{"line":134,"column":7}},"line":128},"26":{"name":"(anonymous_26)","decl":{"start":{"line":136,"column":56},"end":{"line":136,"column":57}},"loc":{"start":{"line":136,"column":72},"end":{"line":144,"column":5}},"line":136},"27":{"name":"(anonymous_27)","decl":{"start":{"line":137,"column":103},"end":{"line":137,"column":104}},"loc":{"start":{"line":137,"column":125},"end":{"line":143,"column":7}},"line":137},"28":{"name":"(anonymous_28)","decl":{"start":{"line":145,"column":72},"end":{"line":145,"column":73}},"loc":{"start":{"line":145,"column":88},"end":{"line":153,"column":5}},"line":145},"29":{"name":"(anonymous_29)","decl":{"start":{"line":146,"column":103},"end":{"line":146,"column":104}},"loc":{"start":{"line":146,"column":125},"end":{"line":152,"column":7}},"line":146},"30":{"name":"(anonymous_30)","decl":{"start":{"line":155,"column":28},"end":{"line":155,"column":29}},"loc":{"start":{"line":155,"column":40},"end":{"line":207,"column":3}},"line":155},"31":{"name":"(anonymous_31)","decl":{"start":{"line":156,"column":73},"end":{"line":156,"column":74}},"loc":{"start":{"line":156,"column":89},"end":{"line":164,"column":5}},"line":156},"32":{"name":"(anonymous_32)","decl":{"start":{"line":157,"column":66},"end":{"line":157,"column":67}},"loc":{"start":{"line":157,"column":88},"end":{"line":163,"column":7}},"line":157},"33":{"name":"(anonymous_33)","decl":{"start":{"line":165,"column":35},"end":{"line":165,"column":36}},"loc":{"start":{"line":165,"column":47},"end":{"line":181,"column":5}},"line":165},"34":{"name":"(anonymous_34)","decl":{"start":{"line":166,"column":13},"end":{"line":166,"column":14}},"loc":{"start":{"line":166,"column":29},"end":{"line":171,"column":7}},"line":166},"35":{"name":"(anonymous_35)","decl":{"start":{"line":167,"column":105},"end":{"line":167,"column":106}},"loc":{"start":{"line":167,"column":127},"end":{"line":170,"column":9}},"line":167},"36":{"name":"(anonymous_36)","decl":{"start":{"line":172,"column":64},"end":{"line":172,"column":65}},"loc":{"start":{"line":172,"column":80},"end":{"line":180,"column":7}},"line":172},"37":{"name":"(anonymous_37)","decl":{"start":{"line":173,"column":95},"end":{"line":173,"column":96}},"loc":{"start":{"line":173,"column":117},"end":{"line":179,"column":9}},"line":173},"38":{"name":"(anonymous_38)","decl":{"start":{"line":182,"column":43},"end":{"line":182,"column":44}},"loc":{"start":{"line":182,"column":55},"end":{"line":206,"column":5}},"line":182},"39":{"name":"(anonymous_39)","decl":{"start":{"line":183,"column":13},"end":{"line":183,"column":14}},"loc":{"start":{"line":183,"column":29},"end":{"line":188,"column":7}},"line":183},"40":{"name":"(anonymous_40)","decl":{"start":{"line":184,"column":104},"end":{"line":184,"column":105}},"loc":{"start":{"line":184,"column":126},"end":{"line":187,"column":9}},"line":184},"41":{"name":"(anonymous_41)","decl":{"start":{"line":189,"column":46},"end":{"line":189,"column":47}},"loc":{"start":{"line":189,"column":62},"end":{"line":205,"column":7}},"line":189},"42":{"name":"(anonymous_42)","decl":{"start":{"line":190,"column":95},"end":{"line":190,"column":96}},"loc":{"start":{"line":190,"column":117},"end":{"line":204,"column":9}},"line":190},"43":{"name":"(anonymous_43)","decl":{"start":{"line":208,"column":33},"end":{"line":208,"column":34}},"loc":{"start":{"line":208,"column":45},"end":{"line":286,"column":3}},"line":208},"44":{"name":"(anonymous_44)","decl":{"start":{"line":209,"column":73},"end":{"line":209,"column":74}},"loc":{"start":{"line":209,"column":89},"end":{"line":219,"column":5}},"line":209},"45":{"name":"(anonymous_45)","decl":{"start":{"line":212,"column":109},"end":{"line":212,"column":110}},"loc":{"start":{"line":212,"column":131},"end":{"line":218,"column":7}},"line":212},"46":{"name":"(anonymous_46)","decl":{"start":{"line":220,"column":35},"end":{"line":220,"column":36}},"loc":{"start":{"line":220,"column":47},"end":{"line":285,"column":5}},"line":220},"47":{"name":"(anonymous_47)","decl":{"start":{"line":221,"column":13},"end":{"line":221,"column":14}},"loc":{"start":{"line":221,"column":29},"end":{"line":226,"column":7}},"line":221},"48":{"name":"(anonymous_48)","decl":{"start":{"line":222,"column":105},"end":{"line":222,"column":106}},"loc":{"start":{"line":222,"column":127},"end":{"line":225,"column":9}},"line":222},"49":{"name":"(anonymous_49)","decl":{"start":{"line":227,"column":64},"end":{"line":227,"column":65}},"loc":{"start":{"line":227,"column":80},"end":{"line":237,"column":7}},"line":227},"50":{"name":"(anonymous_50)","decl":{"start":{"line":230,"column":138},"end":{"line":230,"column":139}},"loc":{"start":{"line":230,"column":160},"end":{"line":236,"column":9}},"line":230},"51":{"name":"(anonymous_51)","decl":{"start":{"line":238,"column":32},"end":{"line":238,"column":33}},"loc":{"start":{"line":238,"column":44},"end":{"line":284,"column":7}},"line":238},"52":{"name":"(anonymous_52)","decl":{"start":{"line":239,"column":15},"end":{"line":239,"column":16}},"loc":{"start":{"line":239,"column":31},"end":{"line":244,"column":9}},"line":239},"53":{"name":"(anonymous_53)","decl":{"start":{"line":240,"column":106},"end":{"line":240,"column":107}},"loc":{"start":{"line":240,"column":128},"end":{"line":243,"column":11}},"line":240},"54":{"name":"(anonymous_54)","decl":{"start":{"line":245,"column":38},"end":{"line":245,"column":39}},"loc":{"start":{"line":245,"column":54},"end":{"line":261,"column":9}},"line":245},"55":{"name":"(anonymous_55)","decl":{"start":{"line":248,"column":140},"end":{"line":248,"column":141}},"loc":{"start":{"line":248,"column":162},"end":{"line":260,"column":11}},"line":248},"56":{"name":"(anonymous_56)","decl":{"start":{"line":262,"column":62},"end":{"line":262,"column":63}},"loc":{"start":{"line":262,"column":78},"end":{"line":272,"column":9}},"line":262},"57":{"name":"(anonymous_57)","decl":{"start":{"line":265,"column":140},"end":{"line":265,"column":141}},"loc":{"start":{"line":265,"column":162},"end":{"line":271,"column":11}},"line":265},"58":{"name":"(anonymous_58)","decl":{"start":{"line":273,"column":65},"end":{"line":273,"column":66}},"loc":{"start":{"line":273,"column":81},"end":{"line":283,"column":9}},"line":273},"59":{"name":"(anonymous_59)","decl":{"start":{"line":276,"column":140},"end":{"line":276,"column":141}},"loc":{"start":{"line":276,"column":162},"end":{"line":282,"column":11}},"line":276}},"branchMap":{"0":{"loc":{"start":{"line":13,"column":46},"end":{"line":13,"column":94}},"type":"cond-expr","locations":[{"start":{"line":13,"column":70},"end":{"line":13,"column":73}},{"start":{"line":13,"column":76},"end":{"line":13,"column":94}}],"line":13},"1":{"loc":{"start":{"line":13,"column":46},"end":{"line":13,"column":67}},"type":"binary-expr","locations":[{"start":{"line":13,"column":46},"end":{"line":13,"column":49}},{"start":{"line":13,"column":53},"end":{"line":13,"column":67}}],"line":13}},"s":{"0":1,"1":1,"2":1,"3":1,"4":1,"5":5,"6":1,"7":1,"8":1,"9":1,"10":1,"11":1,"12":1,"13":1,"14":1,"15":1,"16":1,"17":1,"18":1,"19":1,"20":1,"21":1,"22":1,"23":1,"24":1,"25":1,"26":1,"27":1,"28":1,"29":1,"30":1,"31":1,"32":1,"33":1,"34":1,"35":1,"36":1,"37":1,"38":1,"39":1,"40":1,"41":1,"42":1,"43":1,"44":1,"45":1,"46":1,"47":1,"48":1,"49":1,"50":1,"51":1,"52":1,"53":1,"54":1,"55":1,"56":1,"57":1,"58":1,"59":1,"60":1,"61":1,"62":1,"63":1,"64":1,"65":1,"66":1,"67":1,"68":1,"69":1,"70":1,"71":1,"72":1,"73":1,"74":1,"75":1,"76":1,"77":1,"78":1,"79":1,"80":1,"81":1,"82":1,"83":1,"84":1,"85":1,"86":1,"87":1,"88":1,"89":1,"90":1,"91":1,"92":1,"93":1,"94":1,"95":1,"96":1,"97":1,"98":1,"99":1,"100":1,"101":1,"102":1,"103":1,"104":1,"105":1,"106":1,"107":1,"108":1,"109":1,"110":1,"111":1,"112":1,"113":1,"114":1,"115":1,"116":1,"117":1,"118":1,"119":1,"120":1,"121":1,"122":1,"123":1,"124":1,"125":1,"126":1,"127":1,"128":1,"129":1,"130":1,"131":1,"132":1,"133":1,"134":1,"135":1,"136":1,"137":1,"138":1,"139":1,"140":1,"141":1,"142":1,"143":1,"144":1,"145":1,"146":1,"147":1,"148":1,"149":1,"150":1,"151":1,"152":1,"153":1,"154":1,"155":1,"156":1,"157":1,"158":1,"159":1,"160":1,"161":1,"162":1,"163":1,"164":1,"165":1,"166":1,"167":1,"168":1,"169":1,"170":1,"171":1,"172":1,"173":1,"174":1,"175":1,"176":1,"177":1,"178":1,"179":1,"180":1,"181":1,"182":1,"183":1,"184":1,"185":1,"186":1,"187":1,"188":1,"189":1,"190":1,"191":1,"192":1,"193":1,"194":1,"195":1,"196":1,"197":1,"198":1,"199":1,"200":1,"201":1,"202":1,"203":1,"204":1,"205":1,"206":1,"207":1,"208":1,"209":1,"210":1,"211":1},"f":{"0":5,"1":1,"2":1,"3":1,"4":1,"5":1,"6":1,"7":1,"8":1,"9":1,"10":1,"11":1,"12":1,"13":1,"14":1,"15":1,"16":1,"17":1,"18":1,"19":1,"20":1,"21":1,"22":1,"23":1,"24":1,"25":1,"26":1,"27":1,"28":1,"29":1,"30":1,"31":1,"32":1,"33":1,"34":1,"35":1,"36":1,"37":1,"38":1,"39":1,"40":1,"41":1,"42":1,"43":1,"44":1,"45":1,"46":1,"47":1,"48":1,"49":1,"50":1,"51":1,"52":1,"53":1,"54":1,"55":1,"56":1,"57":1,"58":1,"59":1},"b":{"0":[3,2],"1":[5,5]},"_coverageSchema":"43e27e138ebf9cfc5966b082cf9a028302ed4184","hash":"f5d1d11a4ddb3be3aa5c071e0cd6b31597cf854a","contentHash":"331fa73d07b58d10b109745e51c1e1450ca27bb087e983123c9649ec1332d92b"}}